2026-02-22 04:36:26.140 | DEBUG    | method:train_one_config:567 -   Epoch 0: train=1.4135 val=4.8401
2026-02-22 04:36:26.200 | DEBUG    | method:train_one_config:567 -   Epoch 4: train=1.1129 val=1.0413
2026-02-22 04:36:38.772 | DEBUG    | method:train_one_config:567 -   Epoch 0: train=2.1457 val=36.8770
2026-02-22 04:36:38.807 | DEBUG    | method:train_one_config:567 -   Epoch 2: train=0.8957 val=14.1106
2026-02-22 04:36:55.610 | DEBUG    | method:train_one_config:567 -   Epoch 0: train=1.5459 val=3.2057
2026-02-22 04:36:55.890 | DEBUG    | method:train_one_config:567 -   Epoch 9: train=0.8408 val=1.2379
2026-02-22 04:40:06.429 | INFO     | __main__:main:637 - Hardware: 20 CPUs, 61.0GB RAM, GPU=Yes (21GB)
2026-02-22 04:40:06.429 | INFO     | __main__:main:639 - Device: cuda
2026-02-22 04:40:06.429 | INFO     | __main__:load_all_dependency_data:104 - Loading full_data_out_1.json ...
2026-02-22 04:40:06.559 | INFO     | __main__:load_all_dependency_data:104 - Loading full_data_out_2.json ...
2026-02-22 04:40:06.593 | INFO     | __main__:load_all_dependency_data:104 - Loading full_data_out_3.json ...
2026-02-22 04:40:06.719 | INFO     | __main__:load_all_dependency_data:104 - Loading full_data_out_4.json ...
2026-02-22 04:40:06.846 | INFO     | __main__:load_all_dependency_data:104 - Loading full_data_out_5.json ...
2026-02-22 04:40:06.846 | INFO     | __main__:load_all_dependency_data:111 -   ZINC-subset: 12000 examples
2026-02-22 04:40:06.846 | INFO     | __main__:load_all_dependency_data:111 -   Peptides-func: 2000 examples
2026-02-22 04:40:06.846 | INFO     | __main__:load_all_dependency_data:111 -   Peptides-struct: 2000 examples
2026-02-22 04:40:06.847 | INFO     | __main__:load_all_dependency_data:111 -   Synthetic-aliased-pairs: 100 examples
2026-02-22 04:40:06.847 | INFO     | __main__:main:655 - Datasets: ['ZINC-subset', 'Peptides-func', 'Peptides-struct', 'Synthetic-aliased-pairs']
2026-02-22 04:40:06.847 | INFO     | __main__:main:661 - 
============================================================
2026-02-22 04:40:06.847 | INFO     | __main__:main:662 - Dataset: ZINC-subset
2026-02-22 04:40:06.847 | INFO     | __main__:main:663 - ============================================================
2026-02-22 04:40:06.847 | INFO     | __main__:main:668 - Split: train=10000 val=1000 test=1000
2026-02-22 04:40:06.906 | INFO     | __main__:main:688 - Precomputing PEs ...
2026-02-22 04:40:11.787 | INFO     | __main__:main:711 -   PE 1000/12000 graphs (4.9s)
2026-02-22 04:40:17.406 | INFO     | __main__:main:711 -   PE 2000/12000 graphs (10.5s)
2026-02-22 04:40:21.751 | INFO     | __main__:main:711 -   PE 3000/12000 graphs (14.8s)
2026-02-22 04:40:26.114 | INFO     | __main__:main:711 -   PE 4000/12000 graphs (19.2s)
2026-02-22 04:40:30.475 | INFO     | __main__:main:711 -   PE 5000/12000 graphs (23.6s)
2026-02-22 04:40:34.800 | INFO     | __main__:main:711 -   PE 6000/12000 graphs (27.9s)
2026-02-22 04:40:39.144 | INFO     | __main__:main:711 -   PE 7000/12000 graphs (32.2s)
2026-02-22 04:40:43.496 | INFO     | __main__:main:711 -   PE 8000/12000 graphs (36.6s)
2026-02-22 04:40:47.881 | INFO     | __main__:main:711 -   PE 9000/12000 graphs (41.0s)
2026-02-22 04:40:52.262 | INFO     | __main__:main:711 -   PE 10000/12000 graphs (45.4s)
2026-02-22 04:40:56.654 | INFO     | __main__:main:711 -   PE 11000/12000 graphs (49.7s)
2026-02-22 04:41:01.013 | INFO     | __main__:main:711 -   PE 12000/12000 graphs (54.1s)
2026-02-22 04:41:01.014 | INFO     | __main__:main:713 - PE done: 54.1s for 12000 graphs
2026-02-22 04:41:01.014 | INFO     | __main__:main:729 - 
  PE: rwse
2026-02-22 04:41:02.327 | INFO     | __main__:main:741 -     Seed 42 ...
2026-02-22 04:41:04.442 | DEBUG    | __main__:train_one_config:490 -     Ep 0: train=0.8171 val=0.6029
2026-02-22 04:41:36.739 | DEBUG    | __main__:train_one_config:490 -     Ep 20: train=0.3868 val=0.3272
2026-02-22 04:42:11.312 | DEBUG    | __main__:train_one_config:490 -     Ep 40: train=0.3494 val=0.3065
2026-02-22 04:42:43.659 | INFO     | __main__:main:750 -     Seed 42: metric=0.1900, ep=38, wall=101.0s
2026-02-22 04:42:43.659 | INFO     | __main__:main:741 -     Seed 123 ...
2026-02-22 04:42:45.540 | DEBUG    | __main__:train_one_config:490 -     Ep 0: train=0.7969 val=0.6134
2026-02-22 04:43:25.129 | DEBUG    | __main__:train_one_config:490 -     Ep 20: train=0.4044 val=0.4517
2026-02-22 04:44:09.628 | DEBUG    | __main__:train_one_config:490 -     Ep 40: train=0.3465 val=0.2977
2026-02-22 04:44:22.192 | INFO     | __main__:main:750 -     Seed 123: metric=0.2174, ep=32, wall=98.3s
2026-02-22 04:44:22.192 | INFO     | __main__:main:741 -     Seed 456 ...
2026-02-22 04:44:24.904 | DEBUG    | __main__:train_one_config:490 -     Ep 0: train=0.8339 val=0.5742
2026-02-22 04:45:04.118 | DEBUG    | __main__:train_one_config:490 -     Ep 20: train=0.3994 val=0.3092
2026-02-22 04:45:52.245 | DEBUG    | __main__:train_one_config:490 -     Ep 40: train=0.3429 val=0.3669
2026-02-22 04:46:37.870 | INFO     | __main__:main:750 -     Seed 456: metric=0.1900, ep=44, wall=135.5s
2026-02-22 04:46:37.870 | INFO     | __main__:main:729 - 
  PE: lappe
2026-02-22 04:46:39.145 | INFO     | __main__:main:741 -     Seed 42 ...
2026-02-22 04:46:41.558 | DEBUG    | __main__:train_one_config:490 -     Ep 0: train=0.8026 val=0.6474
2026-02-22 04:47:20.479 | DEBUG    | __main__:train_one_config:490 -     Ep 20: train=0.5165 val=0.4413
2026-02-22 04:47:53.319 | DEBUG    | __main__:train_one_config:490 -     Ep 40: train=0.4549 val=0.3975
2026-02-22 04:48:08.003 | INFO     | __main__:main:750 -     Seed 42: metric=0.3007, ep=34, wall=88.8s
2026-02-22 04:48:08.003 | INFO     | __main__:main:741 -     Seed 123 ...
2026-02-22 04:48:09.763 | DEBUG    | __main__:train_one_config:490 -     Ep 0: train=0.8109 val=0.5728
2026-02-22 04:48:43.855 | DEBUG    | __main__:train_one_config:490 -     Ep 20: train=0.5191 val=0.5226
2026-02-22 04:49:18.368 | DEBUG    | __main__:train_one_config:490 -     Ep 40: train=0.4596 val=0.3857
2026-02-22 04:49:39.141 | INFO     | __main__:main:750 -     Seed 123: metric=0.2861, ep=38, wall=91.1s
2026-02-22 04:49:39.141 | INFO     | __main__:main:741 -     Seed 456 ...
2026-02-22 04:49:40.770 | DEBUG    | __main__:train_one_config:490 -     Ep 0: train=0.8231 val=0.7319
2026-02-22 04:50:26.413 | DEBUG    | __main__:train_one_config:490 -     Ep 20: train=0.5064 val=0.3935
2026-02-22 04:50:49.593 | INFO     | __main__:main:750 -     Seed 456: metric=0.3079, ep=18, wall=70.4s
2026-02-22 04:50:49.594 | INFO     | __main__:main:729 - 
  PE: srwe
2026-02-22 04:50:50.794 | INFO     | __main__:main:741 -     Seed 42 ...
2026-02-22 04:50:52.527 | DEBUG    | __main__:train_one_config:490 -     Ep 0: train=0.7781 val=0.5731
2026-02-22 04:51:29.655 | DEBUG    | __main__:train_one_config:490 -     Ep 20: train=0.3931 val=0.3136
2026-02-22 04:51:43.735 | INFO     | __main__:main:750 -     Seed 42: metric=0.2471, ep=13, wall=52.9s
2026-02-22 04:51:43.735 | INFO     | __main__:main:741 -     Seed 123 ...
2026-02-22 04:51:45.868 | DEBUG    | __main__:train_one_config:490 -     Ep 0: train=0.7953 val=0.5800
2026-02-22 04:52:21.540 | DEBUG    | __main__:train_one_config:490 -     Ep 20: train=0.4121 val=0.4216
2026-02-22 04:52:54.561 | INFO     | __main__:main:750 -     Seed 123: metric=0.2477, ep=23, wall=70.7s
2026-02-22 04:52:54.561 | INFO     | __main__:main:741 -     Seed 456 ...
2026-02-22 04:52:56.982 | DEBUG    | __main__:train_one_config:490 -     Ep 0: train=0.8115 val=0.5473
2026-02-22 04:53:34.327 | DEBUG    | __main__:train_one_config:490 -     Ep 20: train=0.4103 val=0.3634
2026-02-22 04:54:10.239 | DEBUG    | __main__:train_one_config:490 -     Ep 40: train=0.3537 val=0.3466
2026-02-22 04:54:42.350 | DEBUG    | __main__:train_one_config:490 -     Ep 60: train=0.2909 val=0.2754
2026-02-22 04:55:19.672 | INFO     | __main__:main:750 -     Seed 456: metric=0.2052, ep=71, wall=144.9s
2026-02-22 04:55:19.687 | INFO     | __main__:main:838 - 
Results for ZINC-subset:
2026-02-22 04:55:19.687 | INFO     | __main__:main:841 -   rwse: MAE = 0.1991 ± 0.0129
2026-02-22 04:55:19.687 | INFO     | __main__:main:841 -   lappe: MAE = 0.2982 ± 0.0091
2026-02-22 04:55:19.687 | INFO     | __main__:main:841 -   srwe: MAE = 0.2333 ± 0.0199
2026-02-22 04:55:19.687 | INFO     | __main__:main:844 -   Spearman(SRI, gap): rho=0.0707, p=2.5380e-02
2026-02-22 04:55:19.687 | INFO     | __main__:main:845 -   SRWE gap reduction: 34.52%
2026-02-22 04:55:19.687 | INFO     | __main__:main:661 - 
============================================================
2026-02-22 04:55:19.687 | INFO     | __main__:main:662 - Dataset: Peptides-func
2026-02-22 04:55:19.687 | INFO     | __main__:main:663 - ============================================================
2026-02-22 04:55:19.688 | INFO     | __main__:main:668 - Split: train=1400 val=300 test=300
2026-02-22 04:55:19.875 | INFO     | __main__:main:688 - Precomputing PEs ...
2026-02-22 04:55:51.203 | INFO     | __main__:main:711 -   PE 1000/2000 graphs (31.3s)
2026-02-22 04:56:22.823 | INFO     | __main__:main:711 -   PE 2000/2000 graphs (62.9s)
2026-02-22 04:56:22.823 | INFO     | __main__:main:713 - PE done: 62.9s for 2000 graphs
2026-02-22 04:56:22.823 | INFO     | __main__:main:729 - 
  PE: rwse
2026-02-22 04:56:23.958 | INFO     | __main__:main:741 -     Seed 42 ...
2026-02-22 04:56:25.326 | DEBUG    | __main__:train_one_config:490 -     Ep 0: train=0.6828 val=0.4318
2026-02-22 04:56:52.107 | DEBUG    | __main__:train_one_config:490 -     Ep 20: train=0.2927 val=0.3131
2026-02-22 04:57:18.658 | DEBUG    | __main__:train_one_config:490 -     Ep 40: train=0.2665 val=0.2999
2026-02-22 04:57:45.343 | DEBUG    | __main__:train_one_config:490 -     Ep 60: train=0.2351 val=0.2873
2026-02-22 04:58:11.024 | INFO     | __main__:main:750 -     Seed 42: metric=0.2600, ep=64, wall=106.9s
2026-02-22 04:58:11.024 | INFO     | __main__:main:741 -     Seed 123 ...
2026-02-22 04:58:12.381 | DEBUG    | __main__:train_one_config:490 -     Ep 0: train=0.5855 val=0.4850
2026-02-22 04:58:39.204 | DEBUG    | __main__:train_one_config:490 -     Ep 20: train=0.2833 val=0.3066
2026-02-22 04:59:05.878 | DEBUG    | __main__:train_one_config:490 -     Ep 40: train=0.2503 val=0.3162
2026-02-22 04:59:32.593 | DEBUG    | __main__:train_one_config:490 -     Ep 60: train=0.2290 val=0.2861
2026-02-22 04:59:34.039 | INFO     | __main__:main:750 -     Seed 123: metric=0.2698, ep=46, wall=82.9s
2026-02-22 04:59:34.039 | INFO     | __main__:main:741 -     Seed 456 ...
2026-02-22 04:59:35.386 | DEBUG    | __main__:train_one_config:490 -     Ep 0: train=0.7720 val=0.4993
2026-02-22 05:00:02.062 | DEBUG    | __main__:train_one_config:490 -     Ep 20: train=0.2893 val=0.2968
2026-02-22 05:00:28.845 | DEBUG    | __main__:train_one_config:490 -     Ep 40: train=0.2610 val=0.2891
2026-02-22 05:00:55.691 | DEBUG    | __main__:train_one_config:490 -     Ep 60: train=0.2305 val=0.2702
2026-02-22 05:01:13.354 | INFO     | __main__:main:750 -     Seed 456: metric=0.2592, ep=58, wall=99.2s
2026-02-22 05:01:13.354 | INFO     | __main__:main:729 - 
  PE: lappe
2026-02-22 05:01:14.329 | INFO     | __main__:main:741 -     Seed 42 ...
2026-02-22 05:01:15.667 | DEBUG    | __main__:train_one_config:490 -     Ep 0: train=0.4819 val=0.4778
2026-02-22 05:01:42.338 | DEBUG    | __main__:train_one_config:490 -     Ep 20: train=0.2964 val=0.3199
2026-02-22 05:02:09.085 | DEBUG    | __main__:train_one_config:490 -     Ep 40: train=0.2731 val=0.2910
2026-02-22 05:02:35.840 | DEBUG    | __main__:train_one_config:490 -     Ep 60: train=0.2564 val=0.2799
2026-02-22 05:03:00.051 | INFO     | __main__:main:750 -     Seed 42: metric=0.2646, ep=63, wall=105.6s
2026-02-22 05:03:00.052 | INFO     | __main__:main:741 -     Seed 123 ...
2026-02-22 05:03:01.409 | DEBUG    | __main__:train_one_config:490 -     Ep 0: train=0.4939 val=0.5269
2026-02-22 05:03:28.094 | DEBUG    | __main__:train_one_config:490 -     Ep 20: train=0.2938 val=0.2980
2026-02-22 05:03:54.890 | DEBUG    | __main__:train_one_config:490 -     Ep 40: train=0.2724 val=0.2994
2026-02-22 05:04:21.574 | DEBUG    | __main__:train_one_config:490 -     Ep 60: train=0.2581 val=0.2758
2026-02-22 05:04:46.899 | INFO     | __main__:main:750 -     Seed 123: metric=0.2541, ep=72, wall=106.7s
2026-02-22 05:04:46.899 | INFO     | __main__:main:741 -     Seed 456 ...
2026-02-22 05:04:48.238 | DEBUG    | __main__:train_one_config:490 -     Ep 0: train=0.5579 val=0.4267
2026-02-22 05:05:15.038 | DEBUG    | __main__:train_one_config:490 -     Ep 20: train=0.2972 val=0.3043
2026-02-22 05:05:41.576 | DEBUG    | __main__:train_one_config:490 -     Ep 40: train=0.2695 val=0.2816
2026-02-22 05:06:08.281 | DEBUG    | __main__:train_one_config:490 -     Ep 60: train=0.2499 val=0.2736
2026-02-22 05:06:33.822 | INFO     | __main__:main:750 -     Seed 456: metric=0.2564, ep=70, wall=106.8s
2026-02-22 05:06:33.822 | INFO     | __main__:main:729 - 
  PE: srwe
2026-02-22 05:06:34.765 | INFO     | __main__:main:741 -     Seed 42 ...
2026-02-22 05:06:36.129 | DEBUG    | __main__:train_one_config:490 -     Ep 0: train=0.6039 val=0.4264
2026-02-22 05:07:02.848 | DEBUG    | __main__:train_one_config:490 -     Ep 20: train=0.2783 val=0.3854
2026-02-22 05:07:29.375 | DEBUG    | __main__:train_one_config:490 -     Ep 40: train=0.2324 val=0.3035
2026-02-22 05:07:41.549 | INFO     | __main__:main:750 -     Seed 42: metric=0.2783, ep=34, wall=66.6s
2026-02-22 05:07:41.549 | INFO     | __main__:main:741 -     Seed 123 ...
2026-02-22 05:07:42.908 | DEBUG    | __main__:train_one_config:490 -     Ep 0: train=0.5480 val=0.5574
2026-02-22 05:08:09.707 | DEBUG    | __main__:train_one_config:490 -     Ep 20: train=0.2819 val=0.3229
2026-02-22 05:08:36.355 | DEBUG    | __main__:train_one_config:490 -     Ep 40: train=0.2355 val=0.2938
2026-02-22 05:08:52.460 | INFO     | __main__:main:750 -     Seed 123: metric=0.2738, ep=37, wall=70.8s
2026-02-22 05:08:52.460 | INFO     | __main__:main:741 -     Seed 456 ...
2026-02-22 05:08:53.813 | DEBUG    | __main__:train_one_config:490 -     Ep 0: train=0.6995 val=0.4980
2026-02-22 05:09:20.571 | DEBUG    | __main__:train_one_config:490 -     Ep 20: train=0.2775 val=0.2979
2026-02-22 05:09:47.285 | DEBUG    | __main__:train_one_config:490 -     Ep 40: train=0.2298 val=0.3023
2026-02-22 05:10:08.792 | INFO     | __main__:main:750 -     Seed 456: metric=0.2753, ep=41, wall=76.2s
2026-02-22 05:10:08.800 | INFO     | __main__:main:838 - 
Results for Peptides-func:
2026-02-22 05:10:08.800 | INFO     | __main__:main:841 -   rwse: BCE = 0.2630 ± 0.0048
2026-02-22 05:10:08.800 | INFO     | __main__:main:841 -   lappe: BCE = 0.2584 ± 0.0045
2026-02-22 05:10:08.800 | INFO     | __main__:main:841 -   srwe: BCE = 0.2758 ± 0.0019
2026-02-22 05:10:08.800 | INFO     | __main__:main:844 -   Spearman(SRI, gap): rho=0.0799, p=1.6732e-01
2026-02-22 05:10:08.800 | INFO     | __main__:main:845 -   SRWE gap reduction: -276.83%
2026-02-22 05:10:08.800 | INFO     | __main__:main:661 - 
============================================================
2026-02-22 05:10:08.800 | INFO     | __main__:main:662 - Dataset: Peptides-struct
2026-02-22 05:10:08.800 | INFO     | __main__:main:663 - ============================================================
2026-02-22 05:10:08.800 | INFO     | __main__:main:668 - Split: train=1400 val=300 test=300
2026-02-22 05:10:08.967 | INFO     | __main__:main:688 - Precomputing PEs ...
2026-02-22 05:10:40.540 | INFO     | __main__:main:711 -   PE 1000/2000 graphs (31.6s)
2026-02-22 05:11:12.204 | INFO     | __main__:main:711 -   PE 2000/2000 graphs (63.2s)
2026-02-22 05:11:12.204 | INFO     | __main__:main:713 - PE done: 63.2s for 2000 graphs
2026-02-22 05:11:12.204 | INFO     | __main__:main:729 - 
  PE: rwse
2026-02-22 05:11:13.268 | INFO     | __main__:main:741 -     Seed 42 ...
2026-02-22 05:11:14.614 | DEBUG    | __main__:train_one_config:490 -     Ep 0: train=44.2382 val=36.6483
2026-02-22 05:11:40.969 | DEBUG    | __main__:train_one_config:490 -     Ep 20: train=23.4165 val=36.9842
2026-02-22 05:12:05.014 | INFO     | __main__:main:750 -     Seed 42: metric=20.0383, ep=23, wall=51.6s
2026-02-22 05:12:05.014 | INFO     | __main__:main:741 -     Seed 123 ...
2026-02-22 05:12:06.352 | DEBUG    | __main__:train_one_config:490 -     Ep 0: train=55.3469 val=53.6827
2026-02-22 05:12:32.985 | DEBUG    | __main__:train_one_config:490 -     Ep 20: train=23.6465 val=29.9987
2026-02-22 05:12:59.632 | DEBUG    | __main__:train_one_config:490 -     Ep 40: train=22.2687 val=27.8163
2026-02-22 05:13:10.421 | INFO     | __main__:main:750 -     Seed 123: metric=18.5846, ep=33, wall=65.3s
2026-02-22 05:13:10.421 | INFO     | __main__:main:741 -     Seed 456 ...
2026-02-22 05:13:11.772 | DEBUG    | __main__:train_one_config:490 -     Ep 0: train=47.2394 val=43.9509
2026-02-22 05:13:38.452 | DEBUG    | __main__:train_one_config:490 -     Ep 20: train=22.7227 val=30.7784
2026-02-22 05:14:05.080 | DEBUG    | __main__:train_one_config:490 -     Ep 40: train=21.7428 val=26.4596
2026-02-22 05:14:31.801 | DEBUG    | __main__:train_one_config:490 -     Ep 60: train=20.3967 val=25.0995
2026-02-22 05:14:57.346 | INFO     | __main__:main:750 -     Seed 456: metric=17.9580, ep=78, wall=106.8s
2026-02-22 05:14:57.346 | INFO     | __main__:main:729 - 
  PE: lappe
2026-02-22 05:14:58.361 | INFO     | __main__:main:741 -     Seed 42 ...
2026-02-22 05:14:59.675 | DEBUG    | __main__:train_one_config:490 -     Ep 0: train=51.0791 val=47.2621
2026-02-22 05:15:26.307 | DEBUG    | __main__:train_one_config:490 -     Ep 20: train=22.8037 val=24.1986
2026-02-22 05:15:37.063 | INFO     | __main__:main:750 -     Seed 42: metric=16.4125, ep=13, wall=38.6s
2026-02-22 05:15:37.063 | INFO     | __main__:main:741 -     Seed 123 ...
2026-02-22 05:15:38.386 | DEBUG    | __main__:train_one_config:490 -     Ep 0: train=57.3291 val=58.7139
2026-02-22 05:16:05.114 | DEBUG    | __main__:train_one_config:490 -     Ep 20: train=21.8871 val=28.3769
2026-02-22 05:16:19.915 | INFO     | __main__:main:750 -     Seed 123: metric=17.2499, ep=16, wall=42.7s
2026-02-22 05:16:19.915 | INFO     | __main__:main:741 -     Seed 456 ...
2026-02-22 05:16:21.297 | DEBUG    | __main__:train_one_config:490 -     Ep 0: train=46.9454 val=44.9943
2026-02-22 05:16:47.863 | DEBUG    | __main__:train_one_config:490 -     Ep 20: train=22.8769 val=28.4862
2026-02-22 05:17:14.525 | DEBUG    | __main__:train_one_config:490 -     Ep 40: train=19.9036 val=22.7407
2026-02-22 05:17:22.613 | INFO     | __main__:main:750 -     Seed 456: metric=15.9324, ep=31, wall=62.6s
2026-02-22 05:17:22.613 | INFO     | __main__:main:729 - 
  PE: srwe
2026-02-22 05:17:23.554 | INFO     | __main__:main:741 -     Seed 42 ...
2026-02-22 05:17:24.988 | DEBUG    | __main__:train_one_config:490 -     Ep 0: train=46.6597 val=40.7830
2026-02-22 05:17:51.056 | DEBUG    | __main__:train_one_config:490 -     Ep 20: train=22.2287 val=28.3090
2026-02-22 05:18:00.268 | INFO     | __main__:main:750 -     Seed 42: metric=18.1563, ep=12, wall=36.6s
2026-02-22 05:18:00.268 | INFO     | __main__:main:741 -     Seed 123 ...
2026-02-22 05:18:01.580 | DEBUG    | __main__:train_one_config:490 -     Ep 0: train=55.5512 val=53.6189
2026-02-22 05:18:27.530 | DEBUG    | __main__:train_one_config:490 -     Ep 20: train=23.1696 val=27.8783
2026-02-22 05:18:53.355 | DEBUG    | __main__:train_one_config:490 -     Ep 40: train=21.1770 val=25.9136
2026-02-22 05:19:19.215 | DEBUG    | __main__:train_one_config:490 -     Ep 60: train=19.2218 val=25.9563
2026-02-22 05:19:34.904 | INFO     | __main__:main:750 -     Seed 123: metric=17.1599, ep=57, wall=94.5s
2026-02-22 05:19:34.904 | INFO     | __main__:main:741 -     Seed 456 ...
2026-02-22 05:19:36.208 | DEBUG    | __main__:train_one_config:490 -     Ep 0: train=48.0775 val=44.4457
2026-02-22 05:20:02.091 | DEBUG    | __main__:train_one_config:490 -     Ep 20: train=21.9373 val=31.7596
2026-02-22 05:20:28.098 | DEBUG    | __main__:train_one_config:490 -     Ep 40: train=20.3240 val=27.1924
2026-02-22 05:20:28.228 | INFO     | __main__:main:750 -     Seed 456: metric=17.2339, ep=25, wall=53.2s
2026-02-22 05:20:28.236 | INFO     | __main__:main:838 - 
Results for Peptides-struct:
2026-02-22 05:20:28.236 | INFO     | __main__:main:841 -   rwse: MAE = 18.8603 ± 0.8714
2026-02-22 05:20:28.236 | INFO     | __main__:main:841 -   lappe: MAE = 16.5316 ± 0.5444
2026-02-22 05:20:28.236 | INFO     | __main__:main:841 -   srwe: MAE = 17.5167 ± 0.4533
2026-02-22 05:20:28.236 | INFO     | __main__:main:844 -   Spearman(SRI, gap): rho=-0.2019, p=4.3484e-04
2026-02-22 05:20:28.236 | INFO     | __main__:main:845 -   SRWE gap reduction: 57.70%
2026-02-22 05:20:28.236 | INFO     | __main__:main:661 - 
============================================================
2026-02-22 05:20:28.236 | INFO     | __main__:main:662 - Dataset: Synthetic-aliased-pairs
2026-02-22 05:20:28.236 | INFO     | __main__:main:663 - ============================================================
2026-02-22 05:20:28.236 | INFO     | __main__:main:668 - Split: train=60 val=20 test=20
2026-02-22 05:20:28.237 | INFO     | __main__:main:688 - Precomputing PEs ...
2026-02-22 05:20:28.462 | INFO     | __main__:main:713 - PE done: 0.2s for 100 graphs
2026-02-22 05:20:28.463 | INFO     | __main__:main:729 - 
  PE: rwse
2026-02-22 05:20:28.476 | INFO     | __main__:main:741 -     Seed 42 ...
2026-02-22 05:20:28.531 | DEBUG    | __main__:train_one_config:490 -     Ep 0: train=0.4244 val=3.6084
2026-02-22 05:20:29.281 | DEBUG    | __main__:train_one_config:490 -     Ep 20: train=0.0891 val=0.1010
2026-02-22 05:20:30.034 | DEBUG    | __main__:train_one_config:490 -     Ep 40: train=0.0432 val=0.0237
2026-02-22 05:20:30.562 | INFO     | __main__:main:750 -     Seed 42: metric=0.4034, ep=39, wall=2.1s
2026-02-22 05:20:30.562 | INFO     | __main__:main:741 -     Seed 123 ...
2026-02-22 05:20:30.610 | DEBUG    | __main__:train_one_config:490 -     Ep 0: train=0.2890 val=7.4200
2026-02-22 05:20:31.383 | DEBUG    | __main__:train_one_config:490 -     Ep 20: train=0.0402 val=0.0513
2026-02-22 05:20:32.128 | DEBUG    | __main__:train_one_config:490 -     Ep 40: train=0.0081 val=0.0007
2026-02-22 05:20:32.866 | DEBUG    | __main__:train_one_config:490 -     Ep 60: train=0.0040 val=0.0003
2026-02-22 05:20:33.564 | INFO     | __main__:main:750 -     Seed 123: metric=0.0000, ep=64, wall=3.0s
2026-02-22 05:20:33.564 | INFO     | __main__:main:741 -     Seed 456 ...
2026-02-22 05:20:33.614 | DEBUG    | __main__:train_one_config:490 -     Ep 0: train=1.1621 val=20.4510
2026-02-22 05:20:34.353 | DEBUG    | __main__:train_one_config:490 -     Ep 20: train=0.0432 val=0.0290
2026-02-22 05:20:35.082 | DEBUG    | __main__:train_one_config:490 -     Ep 40: train=0.0163 val=0.0339
2026-02-22 05:20:35.376 | INFO     | __main__:main:750 -     Seed 456: metric=0.0475, ep=33, wall=1.8s
2026-02-22 05:20:35.376 | INFO     | __main__:main:729 - 
  PE: lappe
2026-02-22 05:20:35.383 | INFO     | __main__:main:741 -     Seed 42 ...
2026-02-22 05:20:35.433 | DEBUG    | __main__:train_one_config:490 -     Ep 0: train=0.6988 val=3.3388
2026-02-22 05:20:36.167 | DEBUG    | __main__:train_one_config:490 -     Ep 20: train=0.1069 val=0.0783
2026-02-22 05:20:36.906 | DEBUG    | __main__:train_one_config:490 -     Ep 40: train=0.0483 val=0.0421
2026-02-22 05:20:37.270 | INFO     | __main__:main:750 -     Seed 42: metric=0.0619, ep=35, wall=1.9s
2026-02-22 05:20:37.271 | INFO     | __main__:main:741 -     Seed 123 ...
2026-02-22 05:20:37.319 | DEBUG    | __main__:train_one_config:490 -     Ep 0: train=0.2504 val=0.9632
2026-02-22 05:20:38.063 | DEBUG    | __main__:train_one_config:490 -     Ep 20: train=0.0556 val=0.0910
2026-02-22 05:20:38.360 | INFO     | __main__:main:750 -     Seed 123: metric=0.0779, ep=13, wall=1.1s
2026-02-22 05:20:38.360 | INFO     | __main__:main:741 -     Seed 456 ...
2026-02-22 05:20:38.409 | DEBUG    | __main__:train_one_config:490 -     Ep 0: train=0.4261 val=4.2342
2026-02-22 05:20:39.160 | DEBUG    | __main__:train_one_config:490 -     Ep 20: train=0.1048 val=0.1291
2026-02-22 05:20:39.562 | INFO     | __main__:main:750 -     Seed 456: metric=0.6109, ep=16, wall=1.2s
2026-02-22 05:20:39.562 | INFO     | __main__:main:729 - 
  PE: srwe
2026-02-22 05:20:39.568 | INFO     | __main__:main:741 -     Seed 42 ...
2026-02-22 05:20:39.616 | DEBUG    | __main__:train_one_config:490 -     Ep 0: train=0.4481 val=3.5193
2026-02-22 05:20:40.360 | DEBUG    | __main__:train_one_config:490 -     Ep 20: train=0.1249 val=0.1176
2026-02-22 05:20:41.072 | DEBUG    | __main__:train_one_config:490 -     Ep 40: train=0.0608 val=0.0551
2026-02-22 05:20:41.227 | INFO     | __main__:main:750 -     Seed 42: metric=0.9338, ep=29, wall=1.6s
2026-02-22 05:20:41.227 | INFO     | __main__:main:741 -     Seed 123 ...
2026-02-22 05:20:41.279 | DEBUG    | __main__:train_one_config:490 -     Ep 0: train=0.2653 val=7.3090
2026-02-22 05:20:42.037 | DEBUG    | __main__:train_one_config:490 -     Ep 20: train=0.0245 val=0.0150
2026-02-22 05:20:42.766 | DEBUG    | __main__:train_one_config:490 -     Ep 40: train=0.0060 val=0.0001
2026-02-22 05:20:43.205 | INFO     | __main__:main:750 -     Seed 123: metric=0.0054, ep=37, wall=1.9s
2026-02-22 05:20:43.205 | INFO     | __main__:main:741 -     Seed 456 ...
2026-02-22 05:20:43.255 | DEBUG    | __main__:train_one_config:490 -     Ep 0: train=1.1809 val=24.5629
2026-02-22 05:20:44.062 | DEBUG    | __main__:train_one_config:490 -     Ep 20: train=0.0552 val=0.0600
2026-02-22 05:20:44.807 | DEBUG    | __main__:train_one_config:490 -     Ep 40: train=0.0269 val=0.0089
2026-02-22 05:20:45.344 | INFO     | __main__:main:750 -     Seed 456: metric=0.0380, ep=40, wall=2.1s
2026-02-22 05:20:45.345 | INFO     | __main__:main:838 - 
Results for Synthetic-aliased-pairs:
2026-02-22 05:20:45.345 | INFO     | __main__:main:841 -   rwse: MAE = 0.1503 ± 0.1800
2026-02-22 05:20:45.345 | INFO     | __main__:main:841 -   lappe: MAE = 0.2502 ± 0.2551
2026-02-22 05:20:45.346 | INFO     | __main__:main:841 -   srwe: MAE = 0.3257 ± 0.4301
2026-02-22 05:20:45.346 | INFO     | __main__:main:844 -   Spearman(SRI, gap): rho=-0.0286, p=9.0475e-01
2026-02-22 05:20:45.346 | INFO     | __main__:main:845 -   SRWE gap reduction: 175.53%
2026-02-22 05:20:45.346 | INFO     | __main__:main:849 - 
Total time: 2439.5s (40.7min)
2026-02-22 05:20:45.441 | INFO     | __main__:main:870 - Saved to /opt/ai-inventor/aii_pipeline/runs/run__20260222_005317/3_invention_loop/iter_3/gen_art/exp_id1_it3__opus/method_out.json (41.4MB)
2026-02-22 05:20:45.441 | INFO     | __main__:main:873 - 
============================================================
2026-02-22 05:20:45.441 | INFO     | __main__:main:874 - EXPERIMENT SUMMARY
2026-02-22 05:20:45.441 | INFO     | __main__:main:875 - ============================================================
2026-02-22 05:20:45.441 | INFO     | __main__:main:877 - 
ZINC-subset:
2026-02-22 05:20:45.441 | INFO     | __main__:main:879 -   rwse: 0.1991 ± 0.0129
2026-02-22 05:20:45.441 | INFO     | __main__:main:879 -   lappe: 0.2982 ± 0.0091
2026-02-22 05:20:45.441 | INFO     | __main__:main:879 -   srwe: 0.2333 ± 0.0199
2026-02-22 05:20:45.441 | INFO     | __main__:main:882 -   Spearman(SRI,gap): rho=0.0707
2026-02-22 05:20:45.441 | INFO     | __main__:main:884 -   SRWE gap reduction: 34.52%
2026-02-22 05:20:45.441 | INFO     | __main__:main:877 - 
Peptides-func:
2026-02-22 05:20:45.441 | INFO     | __main__:main:879 -   rwse: 0.2630 ± 0.0048
2026-02-22 05:20:45.441 | INFO     | __main__:main:879 -   lappe: 0.2584 ± 0.0045
2026-02-22 05:20:45.441 | INFO     | __main__:main:879 -   srwe: 0.2758 ± 0.0019
2026-02-22 05:20:45.441 | INFO     | __main__:main:882 -   Spearman(SRI,gap): rho=0.0799
2026-02-22 05:20:45.441 | INFO     | __main__:main:884 -   SRWE gap reduction: -276.83%
2026-02-22 05:20:45.441 | INFO     | __main__:main:877 - 
Peptides-struct:
2026-02-22 05:20:45.441 | INFO     | __main__:main:879 -   rwse: 18.8603 ± 0.8714
2026-02-22 05:20:45.441 | INFO     | __main__:main:879 -   lappe: 16.5316 ± 0.5444
2026-02-22 05:20:45.441 | INFO     | __main__:main:879 -   srwe: 17.5167 ± 0.4533
2026-02-22 05:20:45.441 | INFO     | __main__:main:882 -   Spearman(SRI,gap): rho=-0.2019
2026-02-22 05:20:45.441 | INFO     | __main__:main:884 -   SRWE gap reduction: 57.70%
2026-02-22 05:20:45.441 | INFO     | __main__:main:877 - 
Synthetic-aliased-pairs:
2026-02-22 05:20:45.441 | INFO     | __main__:main:879 -   rwse: 0.1503 ± 0.1800
2026-02-22 05:20:45.441 | INFO     | __main__:main:879 -   lappe: 0.2502 ± 0.2551
2026-02-22 05:20:45.441 | INFO     | __main__:main:879 -   srwe: 0.3257 ± 0.4301
2026-02-22 05:20:45.441 | INFO     | __main__:main:882 -   Spearman(SRI,gap): rho=-0.0286
2026-02-22 05:20:45.441 | INFO     | __main__:main:884 -   SRWE gap reduction: 175.53%
