2026-02-22 06:52:56.433 | INFO     | __main__:<module>:55 - Hardware: 20 CPUs, 125.6GB RAM avail, workers=13, CPU usage=0%
2026-02-22 06:52:56.434 | INFO     | __main__:main:1238 - Loading data (max_per_dataset=3)
2026-02-22 06:52:56.435 | INFO     | __main__:load_all_data:80 - Loading full_data_out_1.json (94.3 MB)
2026-02-22 06:52:56.579 | INFO     | __main__:load_all_data:88 -   ZINC-subset: +9594 examples (total 9594)
2026-02-22 06:52:56.579 | INFO     | __main__:load_all_data:80 - Loading full_data_out_2.json (23.7 MB)
2026-02-22 06:52:56.613 | INFO     | __main__:load_all_data:88 -   ZINC-subset: +2406 examples (total 12000)
2026-02-22 06:52:56.614 | INFO     | __main__:load_all_data:80 - Loading full_data_out_3.json (97.2 MB)
2026-02-22 06:52:56.748 | INFO     | __main__:load_all_data:88 -   Peptides-func: +2000 examples (total 2000)
2026-02-22 06:52:56.748 | INFO     | __main__:load_all_data:80 - Loading full_data_out_4.json (97.4 MB)
2026-02-22 06:52:56.882 | INFO     | __main__:load_all_data:88 -   Peptides-struct: +2000 examples (total 2000)
2026-02-22 06:52:56.882 | INFO     | __main__:load_all_data:80 - Loading full_data_out_5.json (0.4 MB)
2026-02-22 06:52:56.883 | INFO     | __main__:load_all_data:88 -   Synthetic-aliased-pairs: +100 examples (total 100)
2026-02-22 06:52:56.885 | INFO     | __main__:load_all_data:95 -   Truncated ZINC-subset to 3 examples
2026-02-22 06:52:56.885 | INFO     | __main__:load_all_data:95 -   Truncated Peptides-func to 3 examples
2026-02-22 06:52:56.886 | INFO     | __main__:load_all_data:95 -   Truncated Peptides-struct to 3 examples
2026-02-22 06:52:56.886 | INFO     | __main__:load_all_data:95 -   Truncated Synthetic-aliased-pairs to 3 examples
2026-02-22 06:52:56.886 | INFO     | __main__:main:1242 - Total examples loaded: 12
2026-02-22 06:52:56.886 | INFO     | __main__:main:1244 -   ZINC-subset: 3 examples
2026-02-22 06:52:56.886 | INFO     | __main__:main:1244 -   Peptides-func: 3 examples
2026-02-22 06:52:56.886 | INFO     | __main__:main:1244 -   Peptides-struct: 3 examples
2026-02-22 06:52:56.886 | INFO     | __main__:main:1244 -   Synthetic-aliased-pairs: 3 examples
2026-02-22 06:52:56.886 | INFO     | __main__:main:1247 - Generating custom synthetic graphs...
2026-02-22 06:52:59.909 | INFO     | __main__:generate_synthetic_graphs:330 - Generated 50/50 synthetic graphs
2026-02-22 06:52:59.910 | INFO     | __main__:generate_synthetic_graphs:333 -   delta_min_S range: [0.0179, 0.0369]
2026-02-22 06:52:59.910 | INFO     | __main__:main:1261 - Processing ZINC-subset (3 examples)...
2026-02-22 06:52:59.950 | INFO     | __main__:main:1284 -   ZINC-subset: completed 3 graphs, 3 valid
2026-02-22 06:52:59.950 | INFO     | __main__:main:1261 - Processing Peptides-func (3 examples)...
2026-02-22 06:53:00.066 | INFO     | __main__:main:1284 -   Peptides-func: completed 3 graphs, 3 valid
2026-02-22 06:53:00.066 | INFO     | __main__:main:1261 - Processing Peptides-struct (3 examples)...
2026-02-22 06:53:00.555 | INFO     | __main__:main:1284 -   Peptides-struct: completed 3 graphs, 3 valid
2026-02-22 06:53:00.556 | INFO     | __main__:main:1261 - Processing Synthetic-aliased-pairs (3 examples)...
2026-02-22 06:53:00.660 | INFO     | __main__:main:1284 -   Synthetic-aliased-pairs: completed 3 graphs, 3 valid
2026-02-22 06:53:00.660 | INFO     | __main__:main:1288 - Processing 50 synthetic graphs...
2026-02-22 06:53:01.152 | INFO     | __main__:main:1299 - Synthetic: 50 valid
2026-02-22 06:53:01.152 | INFO     | __main__:main:1309 - Full spectral results: 62 graphs
2026-02-22 06:53:01.152 | INFO     | __main__:main:1314 - Running phase transition analysis...
2026-02-22 06:53:01.645 | INFO     | __main__:main:1319 - Sigmoid Spearman rho: {'rho': 0.3644932967340701, 'p_value': 0.13698465451242273, 'n': 18}
2026-02-22 06:53:01.645 | INFO     | __main__:main:1320 - K_half Spearman rho: {'rho': -0.46262064413282156, 'p_value': 0.0005542512175568586, 'n': 52}
2026-02-22 06:53:01.645 | INFO     | __main__:main:1321 - Sigmoid fits: 18/52
2026-02-22 06:53:01.645 | INFO     | __main__:main:1323 - Sharpness: mean=1.000, frac_sharp=0.000
2026-02-22 06:53:01.645 | INFO     | __main__:main:1333 - Running analysis on ALL 62 graphs (stored RWSE, K=2..20)...
2026-02-22 06:53:01.726 | INFO     | __main__:main:1338 - ALL graphs - SRI gaps: {"2": {"mean_pre": 0.9814371335712675, "mean_post": NaN, "gap": NaN, "n_pre": 53, "n_post": 0}, "4": {"mean_pre": 0.9960088875833079, "mean_post": NaN, "gap": NaN, "n_pre": 53, "n_post": 0}, "8": {"me
2026-02-22 06:53:01.726 | INFO     | __main__:main:1342 - Running method variations...
2026-02-22 06:53:19.603 | INFO     | __main__:main:1344 - Variations - eigenvalue sources: {"adjacency": {"spearman_rho": 0.08081444564738828, "p_value": 0.7498981803858309, "n_graphs": 18}, "random_walk_symmetric": {"spearman_rho": 0.3644932967340701, "p_value": 0.13698465451242273, "n_graphs": 18}}
2026-02-22 06:53:19.603 | INFO     | __main__:main:1346 - Variations - walk features: {"P_diagonal": {"spearman_rho": 0.3644932967340701, "p_value": 0.13698465451242273, "n_graphs": 18}, "A_diagonal_normalized": {"spearman_rho": -0.16525528231849568, "p_value": 0.24168921013413475, "n_graphs": 52}, "heat_kernel": {"spearman_rho": NaN, "p_value": NaN, "n_graphs": 0}}
2026-02-22 06:53:19.818 | INFO     | __main__:main:1368 -   ZINC-subset: n_full=3, spearman=nan
2026-02-22 06:53:19.818 | INFO     | __main__:main:1368 -   Peptides-func: n_full=3, spearman=nan
2026-02-22 06:53:19.818 | INFO     | __main__:main:1368 -   Peptides-struct: n_full=3, spearman=nan
2026-02-22 06:53:19.818 | INFO     | __main__:main:1368 -   Synthetic-aliased-pairs: n_full=3, spearman=nan
2026-02-22 06:53:20.094 | INFO     | __main__:main:1368 -   Custom-synthetic: n_full=50, spearman=0.37391765959606704
2026-02-22 06:53:20.366 | INFO     | __main__:main:1379 - Synthetic analysis - Spearman: {'rho': 0.37391765959606704, 'p_value': 0.13926691721792167, 'n': 17}
2026-02-22 06:53:20.366 | INFO     | __main__:main:1383 - Formatting output...
2026-02-22 06:53:20.366 | ERROR    | __main__:<module>:1446 - An error has been caught in function '<module>', process 'MainProcess' (76642), thread 'MainThread' (127752849069888):
Traceback (most recent call last):

> File "/opt/ai-inventor/aii_pipeline/runs/run__20260222_005317/3_invention_loop/iter_4/gen_art/exp_id1_it4__opus/method.py", line 1446, in <module>
    main()
    └ <function main at 0x74305bc76660>

  File "/opt/ai-inventor/aii_pipeline/runs/run__20260222_005317/3_invention_loop/iter_4/gen_art/exp_id1_it4__opus/method.py", line 1384, in main
    output = format_output(
             └ <function format_output at 0x74305bc767a0>

  File "/opt/ai-inventor/aii_pipeline/runs/run__20260222_005317/3_invention_loop/iter_4/gen_art/exp_id1_it4__opus/method.py", line 1203, in format_output
    1 + math.exp(-0.2 * (k - K_star)))
        │    │           │   └ 9999
        │    │           └ 2
        │    └ <built-in function exp>
        └ <module 'math' from '/opt/conda/lib/python3.11/lib-dynload/math.cpython-311-x86_64-linux-gnu.so'>

OverflowError: math range error
2026-02-22 06:53:47.771 | INFO     | __main__:<module>:55 - Hardware: 20 CPUs, 125.0GB RAM avail, workers=13, CPU usage=4%
2026-02-22 06:53:47.772 | INFO     | __main__:main:1251 - Loading data (max_per_dataset=3)
2026-02-22 06:53:47.773 | INFO     | __main__:load_all_data:82 - Loading mini data: mini_data_out.json
2026-02-22 06:53:47.775 | INFO     | __main__:load_all_data:88 -   ZINC-subset: 3 examples
2026-02-22 06:53:47.775 | INFO     | __main__:load_all_data:88 -   Peptides-func: 3 examples
2026-02-22 06:53:47.775 | INFO     | __main__:load_all_data:88 -   Peptides-struct: 3 examples
2026-02-22 06:53:47.775 | INFO     | __main__:load_all_data:88 -   Synthetic-aliased-pairs: 3 examples
2026-02-22 06:53:47.775 | INFO     | __main__:main:1255 - Total examples loaded: 12
2026-02-22 06:53:47.776 | INFO     | __main__:main:1257 -   ZINC-subset: 3 examples
2026-02-22 06:53:47.776 | INFO     | __main__:main:1257 -   Peptides-func: 3 examples
2026-02-22 06:53:47.776 | INFO     | __main__:main:1257 -   Peptides-struct: 3 examples
2026-02-22 06:53:47.776 | INFO     | __main__:main:1257 -   Synthetic-aliased-pairs: 3 examples
2026-02-22 06:53:47.776 | INFO     | __main__:main:1260 - Generating custom synthetic graphs...
2026-02-22 06:53:50.821 | INFO     | __main__:generate_synthetic_graphs:342 - Generated 50/50 synthetic graphs
2026-02-22 06:53:50.821 | INFO     | __main__:generate_synthetic_graphs:345 -   delta_min_S range: [0.0179, 0.0369]
2026-02-22 06:53:50.821 | INFO     | __main__:main:1274 - Processing ZINC-subset (3 examples)...
2026-02-22 06:53:50.862 | INFO     | __main__:main:1297 -   ZINC-subset: completed 3 graphs, 3 valid
2026-02-22 06:53:50.862 | INFO     | __main__:main:1274 - Processing Peptides-func (3 examples)...
2026-02-22 06:53:50.996 | INFO     | __main__:main:1297 -   Peptides-func: completed 3 graphs, 3 valid
2026-02-22 06:53:50.996 | INFO     | __main__:main:1274 - Processing Peptides-struct (3 examples)...
2026-02-22 06:53:52.176 | INFO     | __main__:main:1297 -   Peptides-struct: completed 3 graphs, 3 valid
2026-02-22 06:53:52.176 | INFO     | __main__:main:1274 - Processing Synthetic-aliased-pairs (3 examples)...
2026-02-22 06:53:52.269 | INFO     | __main__:main:1297 -   Synthetic-aliased-pairs: completed 3 graphs, 3 valid
2026-02-22 06:53:52.269 | INFO     | __main__:main:1301 - Processing 50 synthetic graphs...
2026-02-22 06:53:52.756 | INFO     | __main__:main:1312 - Synthetic: 50 valid
2026-02-22 06:53:52.757 | INFO     | __main__:main:1322 - Full spectral results: 62 graphs
2026-02-22 06:53:52.757 | INFO     | __main__:main:1327 - Running phase transition analysis...
2026-02-22 06:53:53.247 | INFO     | __main__:main:1332 - Sigmoid Spearman rho: {'rho': 0.3644932967340701, 'p_value': 0.13698465451242273, 'n': 18}
2026-02-22 06:53:53.247 | INFO     | __main__:main:1333 - K_half Spearman rho: {'rho': -0.46262064413282156, 'p_value': 0.0005542512175568586, 'n': 52}
2026-02-22 06:53:53.247 | INFO     | __main__:main:1334 - Sigmoid fits: 18/52
2026-02-22 06:53:53.247 | INFO     | __main__:main:1336 - Sharpness: mean=1.000, frac_sharp=0.000
2026-02-22 06:53:53.247 | INFO     | __main__:main:1346 - Running analysis on ALL 62 graphs (stored RWSE, K=2..20)...
2026-02-22 06:53:53.328 | INFO     | __main__:main:1351 - ALL graphs - SRI gaps: {"2": {"mean_pre": 0.9814371335712675, "mean_post": NaN, "gap": NaN, "n_pre": 53, "n_post": 0}, "4": {"mean_pre": 0.9960088875833079, "mean_post": NaN, "gap": NaN, "n_pre": 53, "n_post": 0}, "8": {"me
2026-02-22 06:53:53.328 | INFO     | __main__:main:1355 - Running method variations...
2026-02-22 06:54:11.256 | INFO     | __main__:main:1357 - Variations - eigenvalue sources: {"adjacency": {"spearman_rho": 0.08081444564738828, "p_value": 0.7498981803858309, "n_graphs": 18}, "random_walk_symmetric": {"spearman_rho": 0.3644932967340701, "p_value": 0.13698465451242273, "n_graphs": 18}}
2026-02-22 06:54:11.256 | INFO     | __main__:main:1359 - Variations - walk features: {"P_diagonal": {"spearman_rho": 0.3644932967340701, "p_value": 0.13698465451242273, "n_graphs": 18}, "A_diagonal_normalized": {"spearman_rho": -0.16525528231849568, "p_value": 0.24168921013413475, "n_graphs": 52}, "heat_kernel": {"spearman_rho": NaN, "p_value": NaN, "n_graphs": 0}}
2026-02-22 06:54:11.471 | INFO     | __main__:main:1381 -   ZINC-subset: n_full=3, spearman=nan
2026-02-22 06:54:11.472 | INFO     | __main__:main:1381 -   Peptides-func: n_full=3, spearman=nan
2026-02-22 06:54:11.472 | INFO     | __main__:main:1381 -   Peptides-struct: n_full=3, spearman=nan
2026-02-22 06:54:11.472 | INFO     | __main__:main:1381 -   Synthetic-aliased-pairs: n_full=3, spearman=nan
2026-02-22 06:54:11.745 | INFO     | __main__:main:1381 -   Custom-synthetic: n_full=50, spearman=0.37391765959606704
2026-02-22 06:54:12.020 | INFO     | __main__:main:1392 - Synthetic analysis - Spearman: {'rho': 0.37391765959606704, 'p_value': 0.13926691721792167, 'n': 17}
2026-02-22 06:54:12.020 | INFO     | __main__:main:1396 - Formatting output...
2026-02-22 06:54:12.023 | INFO     | __main__:main:1405 - Saved /opt/ai-inventor/aii_pipeline/runs/run__20260222_005317/3_invention_loop/iter_4/gen_art/exp_id1_it4__opus/method_out.json (0.1 MB)
2026-02-22 06:54:12.023 | INFO     | __main__:main:1408 - Total runtime: 24.3s
2026-02-22 06:56:24.407 | INFO     | method:<module>:55 - Hardware: 20 CPUs, 125.4GB RAM avail, workers=12, CPU usage=9%
2026-02-22 06:56:24.408 | INFO     | method:load_all_data:82 - Loading mini data: mini_data_out.json
2026-02-22 06:56:24.408 | INFO     | method:load_all_data:88 -   ZINC-subset: 3 examples
2026-02-22 06:56:24.409 | INFO     | method:load_all_data:88 -   Peptides-func: 3 examples
2026-02-22 06:56:24.409 | INFO     | method:load_all_data:88 -   Peptides-struct: 3 examples
2026-02-22 06:56:24.409 | INFO     | method:load_all_data:88 -   Synthetic-aliased-pairs: 3 examples
2026-02-22 06:56:24.606 | INFO     | method:generate_synthetic_graphs:356 - Generated 822 candidate synthetic graphs
2026-02-22 06:56:24.606 | INFO     | method:generate_synthetic_graphs:362 -   Candidate delta_min_S range: [0.000000, 0.5000]
2026-02-22 06:56:24.612 | INFO     | method:generate_synthetic_graphs:393 - Selected 50/50 synthetic graphs
2026-02-22 06:56:24.612 | INFO     | method:generate_synthetic_graphs:396 -   delta_min_S range: [0.010047, 0.5000]
2026-02-22 06:56:24.613 | INFO     | method:generate_synthetic_graphs:399 -   K_star_S range: [3, 100]
2026-02-22 06:58:22.979 | INFO     | __main__:<module>:55 - Hardware: 20 CPUs, 125.5GB RAM avail, workers=13, CPU usage=2%
2026-02-22 06:58:22.980 | INFO     | __main__:main:1325 - Loading data (max_per_dataset=3)
2026-02-22 06:58:22.980 | INFO     | __main__:load_all_data:82 - Loading mini data: mini_data_out.json
2026-02-22 06:58:22.982 | INFO     | __main__:load_all_data:88 -   ZINC-subset: 3 examples
2026-02-22 06:58:22.983 | INFO     | __main__:load_all_data:88 -   Peptides-func: 3 examples
2026-02-22 06:58:22.983 | INFO     | __main__:load_all_data:88 -   Peptides-struct: 3 examples
2026-02-22 06:58:22.983 | INFO     | __main__:load_all_data:88 -   Synthetic-aliased-pairs: 3 examples
2026-02-22 06:58:22.983 | INFO     | __main__:main:1329 - Total examples loaded: 12
2026-02-22 06:58:22.983 | INFO     | __main__:main:1331 -   ZINC-subset: 3 examples
2026-02-22 06:58:22.983 | INFO     | __main__:main:1331 -   Peptides-func: 3 examples
2026-02-22 06:58:22.983 | INFO     | __main__:main:1331 -   Peptides-struct: 3 examples
2026-02-22 06:58:22.983 | INFO     | __main__:main:1331 -   Synthetic-aliased-pairs: 3 examples
2026-02-22 06:58:22.984 | INFO     | __main__:main:1334 - Generating custom synthetic graphs...
2026-02-22 06:58:23.132 | INFO     | __main__:generate_synthetic_graphs:356 - Generated 545 candidate synthetic graphs
2026-02-22 06:58:23.132 | INFO     | __main__:generate_synthetic_graphs:362 -   Candidate delta_min_S range: [0.000000, 0.5000]
2026-02-22 06:58:23.137 | INFO     | __main__:generate_synthetic_graphs:393 - Selected 50/50 synthetic graphs
2026-02-22 06:58:23.137 | INFO     | __main__:generate_synthetic_graphs:396 -   delta_min_S range: [0.010047, 0.5000]
2026-02-22 06:58:23.137 | INFO     | __main__:generate_synthetic_graphs:399 -   K_star_S range: [3, 100]
2026-02-22 06:58:23.137 | INFO     | __main__:main:1348 - Processing ZINC-subset (3 examples)...
2026-02-22 06:58:23.177 | INFO     | __main__:main:1371 -   ZINC-subset: completed 3 graphs, 3 valid
2026-02-22 06:58:23.177 | INFO     | __main__:main:1348 - Processing Peptides-func (3 examples)...
2026-02-22 06:58:23.263 | INFO     | __main__:main:1371 -   Peptides-func: completed 3 graphs, 3 valid
2026-02-22 06:58:23.263 | INFO     | __main__:main:1348 - Processing Peptides-struct (3 examples)...
2026-02-22 06:58:23.691 | INFO     | __main__:main:1371 -   Peptides-struct: completed 3 graphs, 3 valid
2026-02-22 06:58:23.692 | INFO     | __main__:main:1348 - Processing Synthetic-aliased-pairs (3 examples)...
2026-02-22 06:58:23.779 | INFO     | __main__:main:1371 -   Synthetic-aliased-pairs: completed 3 graphs, 3 valid
2026-02-22 06:58:23.780 | INFO     | __main__:main:1375 - Processing 50 synthetic graphs...
2026-02-22 06:58:24.007 | INFO     | __main__:main:1386 - Synthetic: 50 valid
2026-02-22 06:58:24.007 | INFO     | __main__:main:1396 - Full spectral results: 62 graphs
2026-02-22 06:58:24.007 | INFO     | __main__:main:1401 - Running phase transition analysis...
2026-02-22 06:58:31.649 | INFO     | __main__:main:1406 - Sigmoid Spearman rho: {'rho': 0.15568009664410706, 'p_value': 0.3506515965705688, 'n': 38}
2026-02-22 06:58:31.649 | INFO     | __main__:main:1407 - K_half Spearman rho: {'rho': 0.13093531479436282, 'p_value': 0.35484766383419775, 'n': 52}
2026-02-22 06:58:31.649 | INFO     | __main__:main:1408 - Sigmoid fits: 38/52
2026-02-22 06:58:31.649 | INFO     | __main__:main:1410 - Sharpness: mean=1.094, frac_sharp=0.000
2026-02-22 06:58:31.649 | INFO     | __main__:main:1420 - Running analysis on ALL 62 graphs (stored RWSE, K=2..20)...
2026-02-22 06:58:32.007 | INFO     | __main__:main:1425 - ALL graphs - SRI gaps: {"2": {"mean_pre": 0.6186885865495889, "mean_post": NaN, "gap": NaN, "n_pre": 53, "n_post": 0}, "4": {"mean_pre": 0.8658666738045081, "mean_post": 0.7555555555555555, "gap": -0.11031111824895257, "n_p
2026-02-22 06:58:32.007 | INFO     | __main__:main:1429 - Running method variations...
2026-02-22 06:59:46.268 | INFO     | __main__:main:1431 - Variations - eigenvalue sources: {"adjacency": {"spearman_rho": 0.00771158692704927, "p_value": 0.962837923058676, "n_graphs": 39}, "random_walk_symmetric": {"spearman_rho": 0.15568009664410706, "p_value": 0.3506515965705688, "n_graphs": 38}}
2026-02-22 06:59:46.268 | INFO     | __main__:main:1433 - Variations - walk features: {"P_diagonal": {"spearman_rho": 0.15568009664410706, "p_value": 0.3506515965705688, "n_graphs": 38}, "A_diagonal_normalized": {"spearman_rho": -0.00240601737665019, "p_value": 0.9870509117646409, "n_graphs": 48}, "heat_kernel": {"spearman_rho": NaN, "p_value": NaN, "n_graphs": 0}}
2026-02-22 06:59:47.080 | INFO     | __main__:main:1455 -   ZINC-subset: n_full=3, spearman=nan
2026-02-22 06:59:47.081 | INFO     | __main__:main:1455 -   Peptides-func: n_full=3, spearman=nan
2026-02-22 06:59:47.081 | INFO     | __main__:main:1455 -   Peptides-struct: n_full=3, spearman=nan
2026-02-22 06:59:47.081 | INFO     | __main__:main:1455 -   Synthetic-aliased-pairs: n_full=3, spearman=nan
2026-02-22 06:59:54.000 | INFO     | __main__:main:1455 -   Custom-synthetic: n_full=50, spearman=0.14539125294042565
2026-02-22 07:00:00.919 | INFO     | __main__:main:1466 - Synthetic analysis - Spearman: {'rho': 0.14539125294042565, 'p_value': 0.3905602488929313, 'n': 37}
2026-02-22 07:00:00.920 | INFO     | __main__:main:1470 - Formatting output...
2026-02-22 07:00:00.923 | INFO     | __main__:main:1479 - Saved /opt/ai-inventor/aii_pipeline/runs/run__20260222_005317/3_invention_loop/iter_4/gen_art/exp_id1_it4__opus/method_out.json (0.1 MB)
2026-02-22 07:00:00.923 | INFO     | __main__:main:1482 - Total runtime: 97.9s
2026-02-22 07:01:00.373 | INFO     | __main__:<module>:55 - Hardware: 20 CPUs, 125.9GB RAM avail, workers=13, CPU usage=1%
2026-02-22 07:01:00.374 | INFO     | __main__:main:1330 - Loading data (max_per_dataset=3)
2026-02-22 07:01:00.374 | INFO     | __main__:load_all_data:82 - Loading mini data: mini_data_out.json
2026-02-22 07:01:00.376 | INFO     | __main__:load_all_data:88 -   ZINC-subset: 3 examples
2026-02-22 07:01:00.376 | INFO     | __main__:load_all_data:88 -   Peptides-func: 3 examples
2026-02-22 07:01:00.377 | INFO     | __main__:load_all_data:88 -   Peptides-struct: 3 examples
2026-02-22 07:01:00.377 | INFO     | __main__:load_all_data:88 -   Synthetic-aliased-pairs: 3 examples
2026-02-22 07:01:00.377 | INFO     | __main__:main:1334 - Total examples loaded: 12
2026-02-22 07:01:00.377 | INFO     | __main__:main:1336 -   ZINC-subset: 3 examples
2026-02-22 07:01:00.377 | INFO     | __main__:main:1336 -   Peptides-func: 3 examples
2026-02-22 07:01:00.377 | INFO     | __main__:main:1336 -   Peptides-struct: 3 examples
2026-02-22 07:01:00.377 | INFO     | __main__:main:1336 -   Synthetic-aliased-pairs: 3 examples
2026-02-22 07:01:00.377 | INFO     | __main__:main:1339 - Generating custom synthetic graphs...
2026-02-22 07:01:00.534 | INFO     | __main__:generate_synthetic_graphs:356 - Generated 545 candidate synthetic graphs
2026-02-22 07:01:00.534 | INFO     | __main__:generate_synthetic_graphs:362 -   Candidate delta_min_S range: [0.000000, 0.5000]
2026-02-22 07:01:00.539 | INFO     | __main__:generate_synthetic_graphs:393 - Selected 50/50 synthetic graphs
2026-02-22 07:01:00.539 | INFO     | __main__:generate_synthetic_graphs:396 -   delta_min_S range: [0.010047, 0.5000]
2026-02-22 07:01:00.539 | INFO     | __main__:generate_synthetic_graphs:399 -   K_star_S range: [3, 100]
2026-02-22 07:01:00.539 | INFO     | __main__:main:1353 - Processing ZINC-subset (3 examples)...
2026-02-22 07:01:00.578 | INFO     | __main__:main:1376 -   ZINC-subset: completed 3 graphs, 3 valid
2026-02-22 07:01:00.578 | INFO     | __main__:main:1353 - Processing Peptides-func (3 examples)...
2026-02-22 07:01:00.660 | INFO     | __main__:main:1376 -   Peptides-func: completed 3 graphs, 3 valid
2026-02-22 07:01:00.660 | INFO     | __main__:main:1353 - Processing Peptides-struct (3 examples)...
2026-02-22 07:01:01.068 | INFO     | __main__:main:1376 -   Peptides-struct: completed 3 graphs, 3 valid
2026-02-22 07:01:01.068 | INFO     | __main__:main:1353 - Processing Synthetic-aliased-pairs (3 examples)...
2026-02-22 07:01:01.163 | INFO     | __main__:main:1376 -   Synthetic-aliased-pairs: completed 3 graphs, 3 valid
2026-02-22 07:01:01.163 | INFO     | __main__:main:1380 - Processing 50 synthetic graphs...
2026-02-22 07:01:01.385 | INFO     | __main__:main:1391 - Synthetic: 50 valid
2026-02-22 07:01:01.385 | INFO     | __main__:main:1401 - Full spectral results: 62 graphs
2026-02-22 07:01:01.385 | INFO     | __main__:main:1406 - Running phase transition analysis...
2026-02-22 07:01:09.170 | INFO     | __main__:main:1411 - Sigmoid Spearman rho: {'rho': 0.15568009664410706, 'p_value': 0.3506515965705688, 'n': 38}
2026-02-22 07:01:09.170 | INFO     | __main__:main:1412 - K_half Spearman rho: {'rho': 0.13093531479436282, 'p_value': 0.35484766383419775, 'n': 52}
2026-02-22 07:01:09.170 | INFO     | __main__:main:1413 - Sigmoid fits: 38/52
2026-02-22 07:01:09.170 | INFO     | __main__:main:1415 - Sharpness: mean=1.094, frac_sharp=0.000
2026-02-22 07:01:09.170 | INFO     | __main__:main:1425 - Running analysis on ALL 62 graphs (stored RWSE, K=2..20)...
2026-02-22 07:01:09.518 | INFO     | __main__:main:1430 - ALL graphs - SRI gaps: {"2": {"mean_pre": 0.6186885865495889, "mean_post": NaN, "gap": NaN, "n_pre": 53, "n_post": 0}, "4": {"mean_pre": 0.8658666738045081, "mean_post": 0.7555555555555555, "gap": -0.11031111824895257, "n_p
2026-02-22 07:01:09.518 | INFO     | __main__:main:1434 - Running method variations...
2026-02-22 07:01:09.521 | INFO     | __main__:main:1436 - Variations - eigenvalue sources: {"adjacency": {"spearman_rho": -0.024373823222472214, "p_value": 0.863818883450152, "n_graphs": 52, "method": "K_half_threshold"}, "random_walk_symmetric": {"spearman_rho": 0.13093531479436282, "p_value": 0.35484766383419775, "n_graphs": 52, "method": "K_half_threshold"}}
2026-02-22 07:01:09.522 | INFO     | __main__:main:1438 - Variations - walk features: {"P_diagonal": {"spearman_rho": 0.1325997582943689, "p_value": 0.4146990013057796, "n_graphs": 40, "method": "K_half_threshold"}, "A_diagonal_normalized": {"spearman_rho": 0.12162150091561541, "p_value": 0.4102404149392917, "n_graphs": 48, "method": "K_half_threshold"}, "heat_kernel": {"spearman_rho": NaN, "p_value": NaN, "n_graphs": 0, "method": "K_half_threshold"}}
2026-02-22 07:01:10.317 | INFO     | __main__:main:1460 -   ZINC-subset: n_full=3, spearman=nan
2026-02-22 07:01:10.317 | INFO     | __main__:main:1460 -   Peptides-func: n_full=3, spearman=nan
2026-02-22 07:01:10.317 | INFO     | __main__:main:1460 -   Peptides-struct: n_full=3, spearman=nan
2026-02-22 07:01:10.317 | INFO     | __main__:main:1460 -   Synthetic-aliased-pairs: n_full=3, spearman=nan
2026-02-22 07:01:17.286 | INFO     | __main__:main:1460 -   Custom-synthetic: n_full=50, spearman=0.14539125294042565
2026-02-22 07:01:24.130 | INFO     | __main__:main:1471 - Synthetic analysis - Spearman: {'rho': 0.14539125294042565, 'p_value': 0.3905602488929313, 'n': 37}
2026-02-22 07:01:24.130 | INFO     | __main__:main:1475 - Formatting output...
2026-02-22 07:01:24.133 | INFO     | __main__:main:1484 - Saved /opt/ai-inventor/aii_pipeline/runs/run__20260222_005317/3_invention_loop/iter_4/gen_art/exp_id1_it4__opus/method_out.json (0.1 MB)
2026-02-22 07:01:24.133 | INFO     | __main__:main:1487 - Total runtime: 23.8s
2026-02-22 07:02:20.488 | INFO     | __main__:<module>:55 - Hardware: 20 CPUs, 125.4GB RAM avail, workers=11, CPU usage=20%
2026-02-22 07:02:20.489 | INFO     | __main__:main:1330 - Loading data (max_per_dataset=3)
2026-02-22 07:02:20.489 | INFO     | __main__:load_all_data:82 - Loading mini data: mini_data_out.json
2026-02-22 07:02:20.489 | INFO     | __main__:load_all_data:88 -   ZINC-subset: 3 examples
2026-02-22 07:02:20.489 | INFO     | __main__:load_all_data:88 -   Peptides-func: 3 examples
2026-02-22 07:02:20.489 | INFO     | __main__:load_all_data:88 -   Peptides-struct: 3 examples
2026-02-22 07:02:20.489 | INFO     | __main__:load_all_data:88 -   Synthetic-aliased-pairs: 3 examples
2026-02-22 07:02:20.489 | INFO     | __main__:main:1334 - Total examples loaded: 12
2026-02-22 07:02:20.489 | INFO     | __main__:main:1336 -   ZINC-subset: 3 examples
2026-02-22 07:02:20.489 | INFO     | __main__:main:1336 -   Peptides-func: 3 examples
2026-02-22 07:02:20.489 | INFO     | __main__:main:1336 -   Peptides-struct: 3 examples
2026-02-22 07:02:20.490 | INFO     | __main__:main:1336 -   Synthetic-aliased-pairs: 3 examples
2026-02-22 07:02:20.490 | INFO     | __main__:main:1339 - Generating custom synthetic graphs...
2026-02-22 07:02:20.637 | INFO     | __main__:generate_synthetic_graphs:356 - Generated 545 candidate synthetic graphs
2026-02-22 07:02:20.637 | INFO     | __main__:generate_synthetic_graphs:362 -   Candidate delta_min_S range: [0.000000, 0.5000]
2026-02-22 07:02:20.642 | INFO     | __main__:generate_synthetic_graphs:393 - Selected 50/50 synthetic graphs
2026-02-22 07:02:20.643 | INFO     | __main__:generate_synthetic_graphs:396 -   delta_min_S range: [0.010047, 0.5000]
2026-02-22 07:02:20.643 | INFO     | __main__:generate_synthetic_graphs:399 -   K_star_S range: [3, 100]
2026-02-22 07:02:20.643 | INFO     | __main__:main:1353 - Processing ZINC-subset (3 examples)...
2026-02-22 07:02:20.681 | INFO     | __main__:main:1376 -   ZINC-subset: completed 3 graphs, 3 valid
2026-02-22 07:02:20.681 | INFO     | __main__:main:1353 - Processing Peptides-func (3 examples)...
2026-02-22 07:02:20.771 | INFO     | __main__:main:1376 -   Peptides-func: completed 3 graphs, 3 valid
2026-02-22 07:02:20.771 | INFO     | __main__:main:1353 - Processing Peptides-struct (3 examples)...
2026-02-22 07:02:21.379 | INFO     | __main__:main:1376 -   Peptides-struct: completed 3 graphs, 3 valid
2026-02-22 07:02:21.379 | INFO     | __main__:main:1353 - Processing Synthetic-aliased-pairs (3 examples)...
2026-02-22 07:02:21.470 | INFO     | __main__:main:1376 -   Synthetic-aliased-pairs: completed 3 graphs, 3 valid
2026-02-22 07:02:21.470 | INFO     | __main__:main:1380 - Processing 50 synthetic graphs...
2026-02-22 07:02:21.692 | INFO     | __main__:main:1391 - Synthetic: 50 valid
2026-02-22 07:02:21.692 | INFO     | __main__:main:1401 - Full spectral results: 62 graphs
2026-02-22 07:02:21.692 | INFO     | __main__:main:1406 - Running phase transition analysis...
2026-02-22 07:02:29.269 | INFO     | __main__:main:1411 - Sigmoid Spearman rho: {'rho': 0.15568009664410706, 'p_value': 0.3506515965705688, 'n': 38}
2026-02-22 07:02:29.269 | INFO     | __main__:main:1412 - K_half Spearman rho: {'rho': 0.13093531479436282, 'p_value': 0.35484766383419775, 'n': 52}
2026-02-22 07:02:29.269 | INFO     | __main__:main:1413 - Sigmoid fits: 38/52
2026-02-22 07:02:29.269 | INFO     | __main__:main:1415 - Sharpness: mean=1.094, frac_sharp=0.000
2026-02-22 07:02:29.269 | INFO     | __main__:main:1425 - Running analysis on ALL 62 graphs (stored RWSE, K=2..20)...
2026-02-22 07:02:29.619 | INFO     | __main__:main:1430 - ALL graphs - SRI gaps: {"2": {"mean_pre": 0.6186885865495889, "mean_post": NaN, "gap": NaN, "n_pre": 53, "n_post": 0}, "4": {"mean_pre": 0.8658666738045081, "mean_post": 0.7555555555555555, "gap": -0.11031111824895257, "n_p
2026-02-22 07:02:29.619 | INFO     | __main__:main:1434 - Running method variations...
2026-02-22 07:02:29.623 | INFO     | __main__:main:1436 - Variations - eigenvalue sources: {"adjacency": {"spearman_rho": -0.024373823222472214, "p_value": 0.863818883450152, "n_graphs": 52, "method": "K_half_threshold"}, "random_walk_symmetric": {"spearman_rho": 0.13093531479436282, "p_value": 0.35484766383419775, "n_graphs": 52, "method": "K_half_threshold"}}
2026-02-22 07:02:29.623 | INFO     | __main__:main:1438 - Variations - walk features: {"P_diagonal": {"spearman_rho": 0.1325997582943689, "p_value": 0.4146990013057796, "n_graphs": 40, "method": "K_half_threshold"}, "A_diagonal_normalized": {"spearman_rho": 0.12162150091561541, "p_value": 0.4102404149392917, "n_graphs": 48, "method": "K_half_threshold"}, "heat_kernel": {"spearman_rho": NaN, "p_value": NaN, "n_graphs": 0, "method": "K_half_threshold"}}
2026-02-22 07:02:29.623 | INFO     | __main__:main:1504 -   ZINC-subset: n_full=3, K_half rho=nan
2026-02-22 07:02:29.623 | INFO     | __main__:main:1504 -   Peptides-func: n_full=3, K_half rho=nan
2026-02-22 07:02:29.623 | INFO     | __main__:main:1504 -   Peptides-struct: n_full=3, K_half rho=nan
2026-02-22 07:02:29.623 | INFO     | __main__:main:1504 -   Synthetic-aliased-pairs: n_full=3, K_half rho=nan
2026-02-22 07:02:29.624 | INFO     | __main__:main:1504 -   Custom-synthetic: n_full=50, K_half rho=0.10425073003644547
2026-02-22 07:02:29.624 | INFO     | __main__:main:1534 - Synthetic analysis - K_half rho: 0.10425073003644547
2026-02-22 07:02:29.624 | INFO     | __main__:main:1537 - Formatting output...
2026-02-22 07:02:29.627 | INFO     | __main__:main:1546 - Saved /opt/ai-inventor/aii_pipeline/runs/run__20260222_005317/3_invention_loop/iter_4/gen_art/exp_id1_it4__opus/method_out.json (0.1 MB)
2026-02-22 07:02:29.627 | INFO     | __main__:main:1549 - Total runtime: 9.1s
2026-02-22 07:02:35.692 | INFO     | __main__:<module>:55 - Hardware: 20 CPUs, 125.8GB RAM avail, workers=11, CPU usage=16%
2026-02-22 07:02:35.693 | INFO     | __main__:main:1330 - Loading data (max_per_dataset=10)
2026-02-22 07:02:35.693 | INFO     | __main__:load_all_data:94 - Loading full_data_out_1.json (94.3 MB)
2026-02-22 07:02:35.830 | INFO     | __main__:load_all_data:106 -   ZINC-subset: +10 examples (total 10)
2026-02-22 07:02:35.830 | INFO     | __main__:load_all_data:94 - Loading full_data_out_2.json (23.7 MB)
2026-02-22 07:02:35.865 | INFO     | __main__:load_all_data:94 - Loading full_data_out_3.json (97.2 MB)
2026-02-22 07:02:35.977 | INFO     | __main__:load_all_data:106 -   Peptides-func: +10 examples (total 10)
2026-02-22 07:02:35.977 | INFO     | __main__:load_all_data:94 - Loading full_data_out_4.json (97.4 MB)
2026-02-22 07:02:36.100 | INFO     | __main__:load_all_data:106 -   Peptides-struct: +10 examples (total 10)
2026-02-22 07:02:36.100 | INFO     | __main__:load_all_data:94 - Loading full_data_out_5.json (0.4 MB)
2026-02-22 07:02:36.101 | INFO     | __main__:load_all_data:106 -   Synthetic-aliased-pairs: +10 examples (total 10)
2026-02-22 07:02:36.101 | INFO     | __main__:main:1334 - Total examples loaded: 40
2026-02-22 07:02:36.101 | INFO     | __main__:main:1336 -   ZINC-subset: 10 examples
2026-02-22 07:02:36.101 | INFO     | __main__:main:1336 -   Peptides-func: 10 examples
2026-02-22 07:02:36.101 | INFO     | __main__:main:1336 -   Peptides-struct: 10 examples
2026-02-22 07:02:36.101 | INFO     | __main__:main:1336 -   Synthetic-aliased-pairs: 10 examples
2026-02-22 07:02:36.101 | INFO     | __main__:main:1339 - Generating custom synthetic graphs...
2026-02-22 07:02:36.242 | INFO     | __main__:generate_synthetic_graphs:356 - Generated 545 candidate synthetic graphs
2026-02-22 07:02:36.242 | INFO     | __main__:generate_synthetic_graphs:362 -   Candidate delta_min_S range: [0.000000, 0.5000]
2026-02-22 07:02:36.248 | INFO     | __main__:generate_synthetic_graphs:393 - Selected 50/50 synthetic graphs
2026-02-22 07:02:36.248 | INFO     | __main__:generate_synthetic_graphs:396 -   delta_min_S range: [0.010047, 0.5000]
2026-02-22 07:02:36.248 | INFO     | __main__:generate_synthetic_graphs:399 -   K_star_S range: [3, 100]
2026-02-22 07:02:36.248 | INFO     | __main__:main:1353 - Processing ZINC-subset (10 examples)...
2026-02-22 07:02:36.372 | INFO     | __main__:main:1376 -   ZINC-subset: completed 10 graphs, 10 valid
2026-02-22 07:02:36.372 | INFO     | __main__:main:1353 - Processing Peptides-func (10 examples)...
2026-02-22 07:02:39.270 | INFO     | __main__:main:1376 -   Peptides-func: completed 10 graphs, 10 valid
2026-02-22 07:02:39.270 | INFO     | __main__:main:1353 - Processing Peptides-struct (10 examples)...
2026-02-22 07:02:43.379 | INFO     | __main__:main:1376 -   Peptides-struct: completed 10 graphs, 10 valid
2026-02-22 07:02:43.379 | INFO     | __main__:main:1353 - Processing Synthetic-aliased-pairs (10 examples)...
2026-02-22 07:02:43.497 | INFO     | __main__:main:1376 -   Synthetic-aliased-pairs: completed 10 graphs, 10 valid
2026-02-22 07:02:43.497 | INFO     | __main__:main:1380 - Processing 50 synthetic graphs...
2026-02-22 07:02:43.719 | INFO     | __main__:main:1391 - Synthetic: 50 valid
2026-02-22 07:02:43.719 | INFO     | __main__:main:1401 - Full spectral results: 90 graphs
2026-02-22 07:02:43.720 | INFO     | __main__:main:1406 - Running phase transition analysis...
2026-02-22 07:02:51.353 | INFO     | __main__:main:1411 - Sigmoid Spearman rho: {'rho': 0.15568009664410706, 'p_value': 0.3506515965705688, 'n': 38}
2026-02-22 07:02:51.353 | INFO     | __main__:main:1412 - K_half Spearman rho: {'rho': 0.13093531479436282, 'p_value': 0.35484766383419775, 'n': 52}
2026-02-22 07:02:51.353 | INFO     | __main__:main:1413 - Sigmoid fits: 38/52
2026-02-22 07:02:51.353 | INFO     | __main__:main:1415 - Sharpness: mean=1.094, frac_sharp=0.000
2026-02-22 07:02:51.353 | INFO     | __main__:main:1425 - Running analysis on ALL 90 graphs (stored RWSE, K=2..20)...
2026-02-22 07:02:51.702 | INFO     | __main__:main:1430 - ALL graphs - SRI gaps: {"2": {"mean_pre": 0.626616818887619, "mean_post": NaN, "gap": NaN, "n_pre": 55, "n_post": 0}, "4": {"mean_pre": 0.8706903659957426, "mean_post": 0.7555555555555555, "gap": -0.11513481044018703, "n_pr
2026-02-22 07:02:51.702 | INFO     | __main__:main:1434 - Running method variations...
2026-02-22 07:02:51.706 | INFO     | __main__:main:1436 - Variations - eigenvalue sources: {"adjacency": {"spearman_rho": 0.008378621877478482, "p_value": 0.9520517803449915, "n_graphs": 54, "method": "K_half_threshold"}, "random_walk_symmetric": {"spearman_rho": 0.13093531479436282, "p_value": 0.35484766383419775, "n_graphs": 52, "method": "K_half_threshold"}}
2026-02-22 07:02:51.706 | INFO     | __main__:main:1438 - Variations - walk features: {"P_diagonal": {"spearman_rho": 0.1325997582943689, "p_value": 0.4146990013057796, "n_graphs": 40, "method": "K_half_threshold"}, "A_diagonal_normalized": {"spearman_rho": 0.12162150091561541, "p_value": 0.4102404149392917, "n_graphs": 48, "method": "K_half_threshold"}, "heat_kernel": {"spearman_rho": NaN, "p_value": NaN, "n_graphs": 0, "method": "K_half_threshold"}}
2026-02-22 07:02:51.706 | INFO     | __main__:main:1504 -   ZINC-subset: n_full=10, K_half rho=nan
2026-02-22 07:02:51.706 | INFO     | __main__:main:1504 -   Peptides-func: n_full=10, K_half rho=nan
2026-02-22 07:02:51.706 | INFO     | __main__:main:1504 -   Peptides-struct: n_full=10, K_half rho=nan
2026-02-22 07:02:51.706 | INFO     | __main__:main:1504 -   Synthetic-aliased-pairs: n_full=10, K_half rho=nan
2026-02-22 07:02:51.707 | INFO     | __main__:main:1504 -   Custom-synthetic: n_full=50, K_half rho=0.10425073003644547
2026-02-22 07:02:51.707 | INFO     | __main__:main:1534 - Synthetic analysis - K_half rho: 0.10425073003644547
2026-02-22 07:02:51.707 | INFO     | __main__:main:1537 - Formatting output...
2026-02-22 07:02:51.711 | INFO     | __main__:main:1546 - Saved /opt/ai-inventor/aii_pipeline/runs/run__20260222_005317/3_invention_loop/iter_4/gen_art/exp_id1_it4__opus/method_out.json (0.1 MB)
2026-02-22 07:02:51.711 | INFO     | __main__:main:1549 - Total runtime: 16.0s
2026-02-22 07:03:14.377 | INFO     | __main__:<module>:55 - Hardware: 20 CPUs, 125.8GB RAM avail, workers=13, CPU usage=5%
2026-02-22 07:03:14.377 | INFO     | __main__:main:1330 - Loading data (max_per_dataset=50)
2026-02-22 07:03:14.378 | INFO     | __main__:load_all_data:94 - Loading full_data_out_1.json (94.3 MB)
2026-02-22 07:03:14.515 | INFO     | __main__:load_all_data:106 -   ZINC-subset: +50 examples (total 50)
2026-02-22 07:03:14.515 | INFO     | __main__:load_all_data:94 - Loading full_data_out_2.json (23.7 MB)
2026-02-22 07:03:14.550 | INFO     | __main__:load_all_data:94 - Loading full_data_out_3.json (97.2 MB)
2026-02-22 07:03:14.663 | INFO     | __main__:load_all_data:106 -   Peptides-func: +50 examples (total 50)
2026-02-22 07:03:14.663 | INFO     | __main__:load_all_data:94 - Loading full_data_out_4.json (97.4 MB)
2026-02-22 07:03:14.785 | INFO     | __main__:load_all_data:106 -   Peptides-struct: +50 examples (total 50)
2026-02-22 07:03:14.785 | INFO     | __main__:load_all_data:94 - Loading full_data_out_5.json (0.4 MB)
2026-02-22 07:03:14.786 | INFO     | __main__:load_all_data:106 -   Synthetic-aliased-pairs: +50 examples (total 50)
2026-02-22 07:03:14.786 | INFO     | __main__:main:1334 - Total examples loaded: 200
2026-02-22 07:03:14.786 | INFO     | __main__:main:1336 -   ZINC-subset: 50 examples
2026-02-22 07:03:14.786 | INFO     | __main__:main:1336 -   Peptides-func: 50 examples
2026-02-22 07:03:14.786 | INFO     | __main__:main:1336 -   Peptides-struct: 50 examples
2026-02-22 07:03:14.786 | INFO     | __main__:main:1336 -   Synthetic-aliased-pairs: 50 examples
2026-02-22 07:03:14.786 | INFO     | __main__:main:1339 - Generating custom synthetic graphs...
2026-02-22 07:03:14.927 | INFO     | __main__:generate_synthetic_graphs:356 - Generated 545 candidate synthetic graphs
2026-02-22 07:03:14.927 | INFO     | __main__:generate_synthetic_graphs:362 -   Candidate delta_min_S range: [0.000000, 0.5000]
2026-02-22 07:03:14.932 | INFO     | __main__:generate_synthetic_graphs:393 - Selected 50/50 synthetic graphs
2026-02-22 07:03:14.932 | INFO     | __main__:generate_synthetic_graphs:396 -   delta_min_S range: [0.010047, 0.5000]
2026-02-22 07:03:14.932 | INFO     | __main__:generate_synthetic_graphs:399 -   K_star_S range: [3, 100]
2026-02-22 07:03:14.932 | INFO     | __main__:main:1353 - Processing ZINC-subset (50 examples)...
2026-02-22 07:03:15.545 | INFO     | __main__:main:1376 -   ZINC-subset: completed 50 graphs, 50 valid
2026-02-22 07:03:15.545 | INFO     | __main__:main:1353 - Processing Peptides-func (50 examples)...
2026-02-22 07:03:28.986 | INFO     | __main__:main:1376 -   Peptides-func: completed 50 graphs, 50 valid
2026-02-22 07:03:28.986 | INFO     | __main__:main:1353 - Processing Peptides-struct (50 examples)...
2026-02-22 07:03:36.287 | INFO     | __main__:main:1376 -   Peptides-struct: completed 50 graphs, 50 valid
2026-02-22 07:03:36.288 | INFO     | __main__:main:1353 - Processing Synthetic-aliased-pairs (50 examples)...
2026-02-22 07:03:36.586 | INFO     | __main__:main:1376 -   Synthetic-aliased-pairs: completed 50 graphs, 50 valid
2026-02-22 07:03:36.586 | INFO     | __main__:main:1380 - Processing 50 synthetic graphs...
2026-02-22 07:03:36.809 | INFO     | __main__:main:1391 - Synthetic: 50 valid
2026-02-22 07:03:36.809 | INFO     | __main__:main:1401 - Full spectral results: 250 graphs
2026-02-22 07:03:36.809 | INFO     | __main__:main:1406 - Running phase transition analysis...
2026-02-22 07:03:47.858 | INFO     | __main__:main:1411 - Sigmoid Spearman rho: {'rho': 0.26049622506293546, 'p_value': 0.0482754114220936, 'n': 58}
2026-02-22 07:03:47.858 | INFO     | __main__:main:1412 - K_half Spearman rho: {'rho': 0.2122800657970988, 'p_value': 0.07342259498159183, 'n': 72}
2026-02-22 07:03:47.858 | INFO     | __main__:main:1413 - Sigmoid fits: 58/72
2026-02-22 07:03:47.858 | INFO     | __main__:main:1415 - Sharpness: mean=1.081, frac_sharp=0.000
2026-02-22 07:03:47.858 | INFO     | __main__:main:1425 - Running analysis on ALL 250 graphs (stored RWSE, K=2..20)...
2026-02-22 07:03:48.339 | INFO     | __main__:main:1430 - ALL graphs - SRI gaps: {"2": {"mean_pre": 0.6813773842280761, "mean_post": NaN, "gap": NaN, "n_pre": 78, "n_post": 0}, "4": {"mean_pre": 0.8986190969825659, "mean_post": 0.7555555555555555, "gap": -0.1430635414270104, "n_pr
2026-02-22 07:03:48.339 | INFO     | __main__:main:1434 - Running method variations...
2026-02-22 07:03:48.344 | INFO     | __main__:main:1436 - Variations - eigenvalue sources: {"adjacency": {"spearman_rho": 0.15336096478142835, "p_value": 0.19205181939717614, "n_graphs": 74, "method": "K_half_threshold"}, "random_walk_symmetric": {"spearman_rho": 0.2122800657970988, "p_value": 0.07342259498159183, "n_graphs": 72, "method": "K_half_threshold"}}
2026-02-22 07:03:48.344 | INFO     | __main__:main:1438 - Variations - walk features: {"P_diagonal": {"spearman_rho": 0.026382098998417727, "p_value": 0.84140954825607, "n_graphs": 60, "method": "K_half_threshold"}, "A_diagonal_normalized": {"spearman_rho": 0.03431107122189923, "p_value": 0.7811869783549128, "n_graphs": 68, "method": "K_half_threshold"}, "heat_kernel": {"spearman_rho": NaN, "p_value": NaN, "n_graphs": 0, "method": "K_half_threshold"}}
2026-02-22 07:03:48.344 | INFO     | __main__:main:1504 -   ZINC-subset: n_full=50, K_half rho=0.0
2026-02-22 07:03:48.345 | INFO     | __main__:main:1504 -   Peptides-func: n_full=50, K_half rho=nan
2026-02-22 07:03:48.345 | INFO     | __main__:main:1504 -   Peptides-struct: n_full=50, K_half rho=nan
2026-02-22 07:03:48.345 | INFO     | __main__:main:1504 -   Synthetic-aliased-pairs: n_full=50, K_half rho=0.35355339059327373
2026-02-22 07:03:48.346 | INFO     | __main__:main:1504 -   Custom-synthetic: n_full=50, K_half rho=0.10425073003644547
2026-02-22 07:03:48.346 | INFO     | __main__:main:1534 - Synthetic analysis - K_half rho: 0.10425073003644547
2026-02-22 07:03:48.346 | INFO     | __main__:main:1537 - Formatting output...
2026-02-22 07:03:48.354 | INFO     | __main__:main:1546 - Saved /opt/ai-inventor/aii_pipeline/runs/run__20260222_005317/3_invention_loop/iter_4/gen_art/exp_id1_it4__opus/method_out.json (0.4 MB)
2026-02-22 07:03:48.354 | INFO     | __main__:main:1549 - Total runtime: 34.0s
2026-02-22 07:04:46.115 | INFO     | __main__:<module>:55 - Hardware: 20 CPUs, 125.8GB RAM avail, workers=13, CPU usage=5%
2026-02-22 07:04:46.116 | INFO     | __main__:main:1329 - Loading data (max_per_dataset=100)
2026-02-22 07:04:46.116 | INFO     | __main__:load_all_data:94 - Loading full_data_out_1.json (94.3 MB)
2026-02-22 07:04:46.258 | INFO     | __main__:load_all_data:106 -   ZINC-subset: +100 examples (total 100)
2026-02-22 07:04:46.258 | INFO     | __main__:load_all_data:94 - Loading full_data_out_2.json (23.7 MB)
2026-02-22 07:04:46.294 | INFO     | __main__:load_all_data:94 - Loading full_data_out_3.json (97.2 MB)
2026-02-22 07:04:46.412 | INFO     | __main__:load_all_data:106 -   Peptides-func: +100 examples (total 100)
2026-02-22 07:04:46.412 | INFO     | __main__:load_all_data:94 - Loading full_data_out_4.json (97.4 MB)
2026-02-22 07:04:46.540 | INFO     | __main__:load_all_data:106 -   Peptides-struct: +100 examples (total 100)
2026-02-22 07:04:46.540 | INFO     | __main__:load_all_data:94 - Loading full_data_out_5.json (0.4 MB)
2026-02-22 07:04:46.541 | INFO     | __main__:load_all_data:106 -   Synthetic-aliased-pairs: +100 examples (total 100)
2026-02-22 07:04:46.541 | INFO     | __main__:main:1333 - Total examples loaded: 400
2026-02-22 07:04:46.541 | INFO     | __main__:main:1335 -   ZINC-subset: 100 examples
2026-02-22 07:04:46.541 | INFO     | __main__:main:1335 -   Peptides-func: 100 examples
2026-02-22 07:04:46.541 | INFO     | __main__:main:1335 -   Peptides-struct: 100 examples
2026-02-22 07:04:46.541 | INFO     | __main__:main:1335 -   Synthetic-aliased-pairs: 100 examples
2026-02-22 07:04:46.541 | INFO     | __main__:main:1338 - Generating custom synthetic graphs...
2026-02-22 07:04:46.683 | INFO     | __main__:generate_synthetic_graphs:356 - Generated 545 candidate synthetic graphs
2026-02-22 07:04:46.683 | INFO     | __main__:generate_synthetic_graphs:362 -   Candidate delta_min_S range: [0.000000, 0.5000]
2026-02-22 07:04:46.688 | INFO     | __main__:generate_synthetic_graphs:393 - Selected 50/50 synthetic graphs
2026-02-22 07:04:46.688 | INFO     | __main__:generate_synthetic_graphs:396 -   delta_min_S range: [0.010047, 0.5000]
2026-02-22 07:04:46.688 | INFO     | __main__:generate_synthetic_graphs:399 -   K_star_S range: [3, 100]
2026-02-22 07:04:46.688 | INFO     | __main__:main:1352 - Processing ZINC-subset (100 examples)...
2026-02-22 07:04:47.856 | INFO     | __main__:main:1375 -   ZINC-subset: completed 100 graphs, 100 valid
2026-02-22 07:04:47.856 | INFO     | __main__:main:1352 - Processing Peptides-func (100 examples)...
2026-02-22 07:05:15.662 | INFO     | __main__:main:1375 -   Peptides-func: completed 100 graphs, 100 valid
2026-02-22 07:05:15.663 | INFO     | __main__:main:1352 - Processing Peptides-struct (100 examples)...
2026-02-22 07:05:40.073 | INFO     | __main__:main:1375 -   Peptides-struct: completed 100 graphs, 100 valid
2026-02-22 07:05:40.073 | INFO     | __main__:main:1352 - Processing Synthetic-aliased-pairs (100 examples)...
2026-02-22 07:05:40.644 | INFO     | __main__:main:1375 -   Synthetic-aliased-pairs: completed 100 graphs, 100 valid
2026-02-22 07:05:40.644 | INFO     | __main__:main:1379 - Processing 50 synthetic graphs...
2026-02-22 07:05:40.867 | INFO     | __main__:main:1390 - Synthetic: 50 valid
2026-02-22 07:05:40.867 | INFO     | __main__:main:1400 - Full spectral results: 450 graphs
2026-02-22 07:05:40.867 | INFO     | __main__:main:1405 - Running phase transition analysis...
2026-02-22 07:05:54.541 | INFO     | __main__:main:1410 - Sigmoid Spearman rho: {'rho': 0.11947187625555106, 'p_value': 0.27323025487791563, 'n': 86}
2026-02-22 07:05:54.541 | INFO     | __main__:main:1411 - K_half Spearman rho: {'rho': 0.2448921015084372, 'p_value': 0.014063132134448611, 'n': 100}
2026-02-22 07:05:54.541 | INFO     | __main__:main:1412 - Sigmoid fits: 86/100
2026-02-22 07:05:54.541 | INFO     | __main__:main:1414 - Sharpness: mean=1.066, frac_sharp=0.000
2026-02-22 07:05:54.541 | INFO     | __main__:main:1424 - Running analysis on ALL 450 graphs (stored RWSE, K=2..20)...
2026-02-22 07:05:55.222 | INFO     | __main__:main:1429 - ALL graphs - SRI gaps: {"2": {"mean_pre": 0.6730095875938993, "mean_post": NaN, "gap": NaN, "n_pre": 111, "n_post": 0}, "4": {"mean_pre": 0.8794886645197861, "mean_post": 0.7555555555555555, "gap": -0.1239331089642306, "n_p
2026-02-22 07:05:55.222 | INFO     | __main__:main:1433 - Running method variations...
2026-02-22 07:05:55.229 | INFO     | __main__:main:1435 - Variations - eigenvalue sources: {"adjacency": {"spearman_rho": 0.1773576599207648, "p_value": 0.07751305425405042, "n_graphs": 100, "method": "K_half_threshold"}, "random_walk_symmetric": {"spearman_rho": 0.2448921015084372, "p_value": 0.014063132134448611, "n_graphs": 100, "method": "K_half_threshold"}}
2026-02-22 07:05:55.229 | INFO     | __main__:main:1437 - Variations - walk features: {"P_diagonal": {"spearman_rho": 0.056869290933853886, "p_value": 0.598693951358648, "n_graphs": 88, "method": "K_half_threshold"}, "A_diagonal_normalized": {"spearman_rho": 0.0998827940725921, "p_value": 0.33291866133974657, "n_graphs": 96, "method": "K_half_threshold"}, "heat_kernel": {"spearman_rho": NaN, "p_value": NaN, "n_graphs": 0, "method": "K_half_threshold"}}
2026-02-22 07:05:55.230 | INFO     | __main__:main:1503 -   ZINC-subset: n_full=100, K_half rho=0.0
2026-02-22 07:05:55.230 | INFO     | __main__:main:1503 -   Peptides-func: n_full=100, K_half rho=nan
2026-02-22 07:05:55.230 | INFO     | __main__:main:1503 -   Peptides-struct: n_full=100, K_half rho=nan
2026-02-22 07:05:55.230 | INFO     | __main__:main:1503 -   Synthetic-aliased-pairs: n_full=100, K_half rho=0.5333904566301705
2026-02-22 07:05:55.231 | INFO     | __main__:main:1503 -   Custom-synthetic: n_full=50, K_half rho=0.10425073003644547
2026-02-22 07:05:55.231 | INFO     | __main__:main:1533 - Synthetic analysis - K_half rho: 0.10425073003644547
2026-02-22 07:05:55.231 | INFO     | __main__:main:1536 - Formatting output...
2026-02-22 07:05:55.246 | INFO     | __main__:main:1545 - Saved /opt/ai-inventor/aii_pipeline/runs/run__20260222_005317/3_invention_loop/iter_4/gen_art/exp_id1_it4__opus/method_out.json (0.6 MB)
2026-02-22 07:05:55.246 | INFO     | __main__:main:1548 - Total runtime: 69.1s
2026-02-22 07:06:21.182 | INFO     | __main__:<module>:55 - Hardware: 20 CPUs, 125.8GB RAM avail, workers=13, CPU usage=5%
2026-02-22 07:06:21.182 | INFO     | __main__:main:1329 - Loading data (max_per_dataset=200)
2026-02-22 07:06:21.182 | INFO     | __main__:load_all_data:94 - Loading full_data_out_1.json (94.3 MB)
2026-02-22 07:06:21.319 | INFO     | __main__:load_all_data:106 -   ZINC-subset: +200 examples (total 200)
2026-02-22 07:06:21.319 | INFO     | __main__:load_all_data:94 - Loading full_data_out_2.json (23.7 MB)
2026-02-22 07:06:21.354 | INFO     | __main__:load_all_data:94 - Loading full_data_out_3.json (97.2 MB)
2026-02-22 07:06:21.467 | INFO     | __main__:load_all_data:106 -   Peptides-func: +200 examples (total 200)
2026-02-22 07:06:21.467 | INFO     | __main__:load_all_data:94 - Loading full_data_out_4.json (97.4 MB)
2026-02-22 07:06:21.590 | INFO     | __main__:load_all_data:106 -   Peptides-struct: +200 examples (total 200)
2026-02-22 07:06:21.590 | INFO     | __main__:load_all_data:94 - Loading full_data_out_5.json (0.4 MB)
2026-02-22 07:06:21.591 | INFO     | __main__:load_all_data:106 -   Synthetic-aliased-pairs: +100 examples (total 100)
2026-02-22 07:06:21.591 | INFO     | __main__:main:1333 - Total examples loaded: 700
2026-02-22 07:06:21.591 | INFO     | __main__:main:1335 -   ZINC-subset: 200 examples
2026-02-22 07:06:21.591 | INFO     | __main__:main:1335 -   Peptides-func: 200 examples
2026-02-22 07:06:21.591 | INFO     | __main__:main:1335 -   Peptides-struct: 200 examples
2026-02-22 07:06:21.591 | INFO     | __main__:main:1335 -   Synthetic-aliased-pairs: 100 examples
2026-02-22 07:06:21.591 | INFO     | __main__:main:1338 - Generating custom synthetic graphs...
2026-02-22 07:06:21.733 | INFO     | __main__:generate_synthetic_graphs:356 - Generated 545 candidate synthetic graphs
2026-02-22 07:06:21.733 | INFO     | __main__:generate_synthetic_graphs:362 -   Candidate delta_min_S range: [0.000000, 0.5000]
2026-02-22 07:06:21.738 | INFO     | __main__:generate_synthetic_graphs:393 - Selected 50/50 synthetic graphs
2026-02-22 07:06:21.739 | INFO     | __main__:generate_synthetic_graphs:396 -   delta_min_S range: [0.010047, 0.5000]
2026-02-22 07:06:21.739 | INFO     | __main__:generate_synthetic_graphs:399 -   K_star_S range: [3, 100]
2026-02-22 07:06:21.739 | INFO     | __main__:main:1352 - Processing ZINC-subset (200 examples)...
2026-02-22 07:06:24.032 | INFO     | __main__:main:1375 -   ZINC-subset: completed 200 graphs, 200 valid
2026-02-22 07:06:24.032 | INFO     | __main__:main:1352 - Processing Peptides-func (200 examples)...
2026-02-22 07:07:20.602 | INFO     | __main__:main:1375 -   Peptides-func: completed 200 graphs, 200 valid
2026-02-22 07:07:20.602 | INFO     | __main__:main:1352 - Processing Peptides-struct (200 examples)...
2026-02-22 07:08:00.408 | INFO     | __main__:main:1375 -   Peptides-struct: completed 200 graphs, 200 valid
2026-02-22 07:08:00.408 | INFO     | __main__:main:1352 - Processing Synthetic-aliased-pairs (100 examples)...
2026-02-22 07:08:00.967 | INFO     | __main__:main:1375 -   Synthetic-aliased-pairs: completed 100 graphs, 100 valid
2026-02-22 07:08:00.967 | INFO     | __main__:main:1379 - Processing 50 synthetic graphs...
2026-02-22 07:08:01.193 | INFO     | __main__:main:1390 - Synthetic: 50 valid
2026-02-22 07:08:01.193 | INFO     | __main__:main:1400 - Full spectral results: 750 graphs
2026-02-22 07:08:01.193 | INFO     | __main__:main:1405 - Running phase transition analysis...
2026-02-22 07:08:20.460 | INFO     | __main__:main:1410 - Sigmoid Spearman rho: {'rho': 0.02789700408865626, 'p_value': 0.7623040219689783, 'n': 120}
2026-02-22 07:08:20.460 | INFO     | __main__:main:1411 - K_half Spearman rho: {'rho': 0.212802400262907, 'p_value': 0.013563079287886233, 'n': 134}
2026-02-22 07:08:20.460 | INFO     | __main__:main:1412 - Sigmoid fits: 120/134
2026-02-22 07:08:20.460 | INFO     | __main__:main:1414 - Sharpness: mean=1.056, frac_sharp=0.000
2026-02-22 07:08:20.460 | INFO     | __main__:main:1424 - Running analysis on ALL 750 graphs (stored RWSE, K=2..20)...
2026-02-22 07:08:21.382 | INFO     | __main__:main:1429 - ALL graphs - SRI gaps: {"2": {"mean_pre": 0.7137833146040321, "mean_post": NaN, "gap": NaN, "n_pre": 152, "n_post": 0}, "4": {"mean_pre": 0.9034874901159606, "mean_post": 0.7555555555555555, "gap": -0.1479319345604051, "n_p
2026-02-22 07:08:21.382 | INFO     | __main__:main:1433 - Running method variations...
2026-02-22 07:08:21.390 | INFO     | __main__:main:1435 - Variations - eigenvalue sources: {"adjacency": {"spearman_rho": 0.17086673609991967, "p_value": 0.053808025490796815, "n_graphs": 128, "method": "K_half_threshold"}, "random_walk_symmetric": {"spearman_rho": 0.212802400262907, "p_value": 0.013563079287886233, "n_graphs": 134, "method": "K_half_threshold"}}
2026-02-22 07:08:21.390 | INFO     | __main__:main:1437 - Variations - walk features: {"P_diagonal": {"spearman_rho": -0.049536843883472875, "p_value": 0.5879201276775095, "n_graphs": 122, "method": "K_half_threshold"}, "A_diagonal_normalized": {"spearman_rho": 0.0004267125796359556, "p_value": 0.9961555819371974, "n_graphs": 130, "method": "K_half_threshold"}, "heat_kernel": {"spearman_rho": NaN, "p_value": NaN, "n_graphs": 0, "method": "K_half_threshold"}}
2026-02-22 07:08:21.391 | INFO     | __main__:main:1503 -   ZINC-subset: n_full=200, K_half rho=0.0
2026-02-22 07:08:21.391 | INFO     | __main__:main:1503 -   Peptides-func: n_full=200, K_half rho=nan
2026-02-22 07:08:21.391 | INFO     | __main__:main:1503 -   Peptides-struct: n_full=200, K_half rho=nan
2026-02-22 07:08:21.392 | INFO     | __main__:main:1503 -   Synthetic-aliased-pairs: n_full=100, K_half rho=0.5333904566301705
2026-02-22 07:08:21.392 | INFO     | __main__:main:1503 -   Custom-synthetic: n_full=50, K_half rho=0.10425073003644547
2026-02-22 07:08:21.393 | INFO     | __main__:main:1533 - Synthetic analysis - K_half rho: 0.10425073003644547
2026-02-22 07:08:21.393 | INFO     | __main__:main:1536 - Formatting output...
2026-02-22 07:08:21.417 | INFO     | __main__:main:1545 - Saved /opt/ai-inventor/aii_pipeline/runs/run__20260222_005317/3_invention_loop/iter_4/gen_art/exp_id1_it4__opus/method_out.json (1.0 MB)
2026-02-22 07:08:21.417 | INFO     | __main__:main:1548 - Total runtime: 120.2s
2026-02-22 07:08:42.085 | INFO     | __main__:<module>:55 - Hardware: 20 CPUs, 125.8GB RAM avail, workers=13, CPU usage=5%
2026-02-22 07:08:42.085 | INFO     | __main__:main:1329 - Loading data (max_per_dataset=all)
2026-02-22 07:08:42.085 | INFO     | __main__:load_all_data:94 - Loading full_data_out_1.json (94.3 MB)
2026-02-22 07:08:42.233 | INFO     | __main__:load_all_data:106 -   ZINC-subset: +9594 examples (total 9594)
2026-02-22 07:08:42.233 | INFO     | __main__:load_all_data:94 - Loading full_data_out_2.json (23.7 MB)
2026-02-22 07:08:42.276 | INFO     | __main__:load_all_data:106 -   ZINC-subset: +2406 examples (total 12000)
2026-02-22 07:08:42.276 | INFO     | __main__:load_all_data:94 - Loading full_data_out_3.json (97.2 MB)
2026-02-22 07:08:42.413 | INFO     | __main__:load_all_data:106 -   Peptides-func: +2000 examples (total 2000)
2026-02-22 07:08:42.413 | INFO     | __main__:load_all_data:94 - Loading full_data_out_4.json (97.4 MB)
2026-02-22 07:08:42.547 | INFO     | __main__:load_all_data:106 -   Peptides-struct: +2000 examples (total 2000)
2026-02-22 07:08:42.547 | INFO     | __main__:load_all_data:94 - Loading full_data_out_5.json (0.4 MB)
2026-02-22 07:08:42.548 | INFO     | __main__:load_all_data:106 -   Synthetic-aliased-pairs: +100 examples (total 100)
2026-02-22 07:08:42.548 | INFO     | __main__:main:1333 - Total examples loaded: 16100
2026-02-22 07:08:42.548 | INFO     | __main__:main:1335 -   ZINC-subset: 12000 examples
2026-02-22 07:08:42.548 | INFO     | __main__:main:1335 -   Peptides-func: 2000 examples
2026-02-22 07:08:42.548 | INFO     | __main__:main:1335 -   Peptides-struct: 2000 examples
2026-02-22 07:08:42.548 | INFO     | __main__:main:1335 -   Synthetic-aliased-pairs: 100 examples
2026-02-22 07:08:42.548 | INFO     | __main__:main:1338 - Generating custom synthetic graphs...
2026-02-22 07:08:42.694 | INFO     | __main__:generate_synthetic_graphs:356 - Generated 545 candidate synthetic graphs
2026-02-22 07:08:42.694 | INFO     | __main__:generate_synthetic_graphs:362 -   Candidate delta_min_S range: [0.000000, 0.5000]
2026-02-22 07:08:42.699 | INFO     | __main__:generate_synthetic_graphs:393 - Selected 50/50 synthetic graphs
2026-02-22 07:08:42.699 | INFO     | __main__:generate_synthetic_graphs:396 -   delta_min_S range: [0.010047, 0.5000]
2026-02-22 07:08:42.699 | INFO     | __main__:generate_synthetic_graphs:399 -   K_star_S range: [3, 100]
2026-02-22 07:08:42.699 | INFO     | __main__:main:1352 - Processing ZINC-subset (12000 examples)...
2026-02-22 07:08:48.514 | INFO     | __main__:main:1371 -   ZINC-subset: 1000/12000 (6s elapsed)
2026-02-22 07:08:48.789 | INFO     | __main__:main:1371 -   ZINC-subset: 2000/12000 (7s elapsed)
2026-02-22 07:08:49.099 | INFO     | __main__:main:1371 -   ZINC-subset: 3000/12000 (7s elapsed)
2026-02-22 07:08:49.347 | INFO     | __main__:main:1371 -   ZINC-subset: 4000/12000 (7s elapsed)
2026-02-22 07:08:49.595 | INFO     | __main__:main:1371 -   ZINC-subset: 5000/12000 (8s elapsed)
2026-02-22 07:08:49.863 | INFO     | __main__:main:1371 -   ZINC-subset: 6000/12000 (8s elapsed)
2026-02-22 07:08:50.109 | INFO     | __main__:main:1371 -   ZINC-subset: 7000/12000 (8s elapsed)
2026-02-22 07:08:50.354 | INFO     | __main__:main:1371 -   ZINC-subset: 8000/12000 (8s elapsed)
2026-02-22 07:08:50.600 | INFO     | __main__:main:1371 -   ZINC-subset: 9000/12000 (9s elapsed)
2026-02-22 07:08:50.879 | INFO     | __main__:main:1371 -   ZINC-subset: 10000/12000 (9s elapsed)
2026-02-22 07:08:51.168 | INFO     | __main__:main:1371 -   ZINC-subset: 11000/12000 (9s elapsed)
2026-02-22 07:08:51.414 | INFO     | __main__:main:1371 -   ZINC-subset: 12000/12000 (9s elapsed)
2026-02-22 07:08:51.415 | INFO     | __main__:main:1375 -   ZINC-subset: completed 12000 graphs, 12000 valid
2026-02-22 07:08:51.415 | INFO     | __main__:main:1352 - Processing Peptides-func (2000 examples)...
2026-02-22 07:09:30.311 | INFO     | __main__:main:1371 -   Peptides-func: 1000/2000 (48s elapsed)
2026-02-22 07:09:31.520 | INFO     | __main__:main:1371 -   Peptides-func: 2000/2000 (49s elapsed)
2026-02-22 07:09:31.521 | INFO     | __main__:main:1375 -   Peptides-func: completed 2000 graphs, 2000 valid
2026-02-22 07:09:31.521 | INFO     | __main__:main:1352 - Processing Peptides-struct (2000 examples)...
2026-02-22 07:10:16.272 | INFO     | __main__:main:1371 -   Peptides-struct: 1000/2000 (94s elapsed)
2026-02-22 07:10:17.510 | INFO     | __main__:main:1371 -   Peptides-struct: 2000/2000 (95s elapsed)
2026-02-22 07:10:17.510 | INFO     | __main__:main:1375 -   Peptides-struct: completed 2000 graphs, 2000 valid
2026-02-22 07:10:17.510 | INFO     | __main__:main:1352 - Processing Synthetic-aliased-pairs (100 examples)...
2026-02-22 07:10:18.007 | INFO     | __main__:main:1375 -   Synthetic-aliased-pairs: completed 100 graphs, 100 valid
2026-02-22 07:10:18.007 | INFO     | __main__:main:1379 - Processing 50 synthetic graphs...
2026-02-22 07:10:18.235 | INFO     | __main__:main:1390 - Synthetic: 50 valid
2026-02-22 07:10:18.236 | INFO     | __main__:main:1400 - Full spectral results: 1050 graphs
2026-02-22 07:10:18.236 | INFO     | __main__:main:1405 - Running phase transition analysis...
2026-02-22 07:10:56.280 | INFO     | __main__:main:1410 - Sigmoid Spearman rho: {'rho': -0.018984103330614486, 'p_value': 0.7741168923750633, 'n': 231}
2026-02-22 07:10:56.280 | INFO     | __main__:main:1411 - K_half Spearman rho: {'rho': 0.15882515260307195, 'p_value': 0.012806225385912487, 'n': 245}
2026-02-22 07:10:56.280 | INFO     | __main__:main:1412 - Sigmoid fits: 231/245
2026-02-22 07:10:56.281 | INFO     | __main__:main:1414 - Sharpness: mean=1.036, frac_sharp=0.000
2026-02-22 07:10:56.281 | INFO     | __main__:main:1424 - Running analysis on ALL 16150 graphs (stored RWSE, K=2..20)...
2026-02-22 07:18:52.920 | INFO     | __main__:main:1429 - ALL graphs - SRI gaps: {"2": {"mean_pre": 0.8161240658553542, "mean_post": NaN, "gap": NaN, "n_pre": 3670, "n_post": 0}, "4": {"mean_pre": 0.9594907928757682, "mean_post": 0.8771908646908647, "gap": -0.0822999281849035, "n_
2026-02-22 07:18:52.920 | INFO     | __main__:main:1433 - Running method variations...
2026-02-22 07:18:52.933 | INFO     | __main__:main:1435 - Variations - eigenvalue sources: {"adjacency": {"spearman_rho": 0.14247495221818707, "p_value": 0.030046883527931816, "n_graphs": 232, "method": "K_half_threshold"}, "random_walk_symmetric": {"spearman_rho": 0.15882515260307195, "p_value": 0.012806225385912487, "n_graphs": 245, "method": "K_half_threshold"}}
2026-02-22 07:18:52.933 | INFO     | __main__:main:1437 - Variations - walk features: {"P_diagonal": {"spearman_rho": -0.1134178994768959, "p_value": 0.0840748920058738, "n_graphs": 233, "method": "K_half_threshold"}, "A_diagonal_normalized": {"spearman_rho": -0.0015300526019550332, "p_value": 0.9811482820458597, "n_graphs": 241, "method": "K_half_threshold"}, "heat_kernel": {"spearman_rho": NaN, "p_value": NaN, "n_graphs": 1, "method": "K_half_threshold"}}
2026-02-22 07:18:52.935 | INFO     | __main__:main:1503 -   ZINC-subset: n_full=500, K_half rho=0.0
2026-02-22 07:18:52.936 | INFO     | __main__:main:1503 -   Peptides-func: n_full=200, K_half rho=nan
2026-02-22 07:18:52.936 | INFO     | __main__:main:1503 -   Peptides-struct: n_full=200, K_half rho=nan
2026-02-22 07:18:52.936 | INFO     | __main__:main:1503 -   Synthetic-aliased-pairs: n_full=100, K_half rho=0.5333904566301705
2026-02-22 07:18:52.937 | INFO     | __main__:main:1503 -   Custom-synthetic: n_full=50, K_half rho=0.10425073003644547
2026-02-22 07:18:52.937 | INFO     | __main__:main:1533 - Synthetic analysis - K_half rho: 0.10425073003644547
2026-02-22 07:18:52.937 | INFO     | __main__:main:1536 - Formatting output...
2026-02-22 07:18:53.333 | INFO     | __main__:main:1545 - Saved /opt/ai-inventor/aii_pipeline/runs/run__20260222_005317/3_invention_loop/iter_4/gen_art/exp_id1_it4__opus/method_out.json (16.6 MB)
2026-02-22 07:18:53.333 | INFO     | __main__:main:1548 - Total runtime: 611.2s
2026-02-22 07:20:22.943 | INFO     | __main__:<module>:55 - Hardware: 20 CPUs, 125.8GB RAM avail, workers=13, CPU usage=6%
2026-02-22 07:20:22.943 | INFO     | __main__:main:1329 - Loading data (max_per_dataset=all)
2026-02-22 07:20:22.943 | INFO     | __main__:load_all_data:94 - Loading full_data_out_1.json (94.3 MB)
2026-02-22 07:20:23.082 | INFO     | __main__:load_all_data:106 -   ZINC-subset: +9594 examples (total 9594)
2026-02-22 07:20:23.082 | INFO     | __main__:load_all_data:94 - Loading full_data_out_2.json (23.7 MB)
2026-02-22 07:20:23.116 | INFO     | __main__:load_all_data:106 -   ZINC-subset: +2406 examples (total 12000)
2026-02-22 07:20:23.116 | INFO     | __main__:load_all_data:94 - Loading full_data_out_3.json (97.2 MB)
2026-02-22 07:20:23.245 | INFO     | __main__:load_all_data:106 -   Peptides-func: +2000 examples (total 2000)
2026-02-22 07:20:23.245 | INFO     | __main__:load_all_data:94 - Loading full_data_out_4.json (97.4 MB)
2026-02-22 07:20:23.374 | INFO     | __main__:load_all_data:106 -   Peptides-struct: +2000 examples (total 2000)
2026-02-22 07:20:23.374 | INFO     | __main__:load_all_data:94 - Loading full_data_out_5.json (0.4 MB)
2026-02-22 07:20:23.375 | INFO     | __main__:load_all_data:106 -   Synthetic-aliased-pairs: +100 examples (total 100)
2026-02-22 07:20:23.375 | INFO     | __main__:main:1333 - Total examples loaded: 16100
2026-02-22 07:20:23.375 | INFO     | __main__:main:1335 -   ZINC-subset: 12000 examples
2026-02-22 07:20:23.375 | INFO     | __main__:main:1335 -   Peptides-func: 2000 examples
2026-02-22 07:20:23.375 | INFO     | __main__:main:1335 -   Peptides-struct: 2000 examples
2026-02-22 07:20:23.375 | INFO     | __main__:main:1335 -   Synthetic-aliased-pairs: 100 examples
2026-02-22 07:20:23.375 | INFO     | __main__:main:1338 - Generating custom synthetic graphs...
2026-02-22 07:20:23.520 | INFO     | __main__:generate_synthetic_graphs:356 - Generated 545 candidate synthetic graphs
2026-02-22 07:20:23.520 | INFO     | __main__:generate_synthetic_graphs:362 -   Candidate delta_min_S range: [0.000000, 0.5000]
2026-02-22 07:20:23.525 | INFO     | __main__:generate_synthetic_graphs:393 - Selected 50/50 synthetic graphs
2026-02-22 07:20:23.525 | INFO     | __main__:generate_synthetic_graphs:396 -   delta_min_S range: [0.010047, 0.5000]
2026-02-22 07:20:23.525 | INFO     | __main__:generate_synthetic_graphs:399 -   K_star_S range: [3, 100]
2026-02-22 07:20:23.525 | INFO     | __main__:main:1352 - Processing ZINC-subset (12000 examples)...
2026-02-22 07:20:29.347 | INFO     | __main__:main:1371 -   ZINC-subset: 1000/12000 (6s elapsed)
2026-02-22 07:20:29.590 | INFO     | __main__:main:1371 -   ZINC-subset: 2000/12000 (7s elapsed)
2026-02-22 07:20:29.849 | INFO     | __main__:main:1371 -   ZINC-subset: 3000/12000 (7s elapsed)
2026-02-22 07:20:30.091 | INFO     | __main__:main:1371 -   ZINC-subset: 4000/12000 (7s elapsed)
2026-02-22 07:20:30.335 | INFO     | __main__:main:1371 -   ZINC-subset: 5000/12000 (7s elapsed)
2026-02-22 07:20:30.598 | INFO     | __main__:main:1371 -   ZINC-subset: 6000/12000 (8s elapsed)
2026-02-22 07:20:30.892 | INFO     | __main__:main:1371 -   ZINC-subset: 7000/12000 (8s elapsed)
2026-02-22 07:20:31.135 | INFO     | __main__:main:1371 -   ZINC-subset: 8000/12000 (8s elapsed)
2026-02-22 07:20:31.378 | INFO     | __main__:main:1371 -   ZINC-subset: 9000/12000 (8s elapsed)
2026-02-22 07:20:31.649 | INFO     | __main__:main:1371 -   ZINC-subset: 10000/12000 (9s elapsed)
2026-02-22 07:20:31.891 | INFO     | __main__:main:1371 -   ZINC-subset: 11000/12000 (9s elapsed)
2026-02-22 07:20:32.132 | INFO     | __main__:main:1371 -   ZINC-subset: 12000/12000 (9s elapsed)
2026-02-22 07:20:32.132 | INFO     | __main__:main:1375 -   ZINC-subset: completed 12000 graphs, 12000 valid
2026-02-22 07:20:32.132 | INFO     | __main__:main:1352 - Processing Peptides-func (2000 examples)...
2026-02-22 07:21:17.119 | INFO     | __main__:main:1371 -   Peptides-func: 1000/2000 (54s elapsed)
2026-02-22 07:21:18.271 | INFO     | __main__:main:1371 -   Peptides-func: 2000/2000 (55s elapsed)
2026-02-22 07:21:18.271 | INFO     | __main__:main:1375 -   Peptides-func: completed 2000 graphs, 2000 valid
2026-02-22 07:21:18.271 | INFO     | __main__:main:1352 - Processing Peptides-struct (2000 examples)...
2026-02-22 07:21:59.289 | INFO     | __main__:main:1371 -   Peptides-struct: 1000/2000 (96s elapsed)
2026-02-22 07:22:00.481 | INFO     | __main__:main:1371 -   Peptides-struct: 2000/2000 (98s elapsed)
2026-02-22 07:22:00.482 | INFO     | __main__:main:1375 -   Peptides-struct: completed 2000 graphs, 2000 valid
2026-02-22 07:22:00.482 | INFO     | __main__:main:1352 - Processing Synthetic-aliased-pairs (100 examples)...
2026-02-22 07:22:01.565 | INFO     | __main__:main:1375 -   Synthetic-aliased-pairs: completed 100 graphs, 100 valid
2026-02-22 07:22:01.565 | INFO     | __main__:main:1379 - Processing 50 synthetic graphs...
2026-02-22 07:22:01.790 | INFO     | __main__:main:1390 - Synthetic: 50 valid
2026-02-22 07:22:01.791 | INFO     | __main__:main:1400 - Full spectral results: 1050 graphs
2026-02-22 07:22:01.791 | INFO     | __main__:main:1405 - Running phase transition analysis...
2026-02-22 07:22:38.687 | INFO     | __main__:main:1410 - Sigmoid Spearman rho: {'rho': -0.018984103330614486, 'p_value': 0.7741168923750633, 'n': 231}
2026-02-22 07:22:38.687 | INFO     | __main__:main:1411 - K_half Spearman rho: {'rho': 0.15882515260307195, 'p_value': 0.012806225385912487, 'n': 245}
2026-02-22 07:22:38.687 | INFO     | __main__:main:1412 - Sigmoid fits: 231/245
2026-02-22 07:22:38.687 | INFO     | __main__:main:1414 - Sharpness: mean=1.036, frac_sharp=0.000
2026-02-22 07:22:38.688 | INFO     | __main__:main:1424 - Computing SRI gaps + quintile curves on ALL 16150 graphs (stored RWSE, K=2..20)...
2026-02-22 07:22:38.751 | INFO     | __main__:main:1482 - ALL graphs - SRI gaps: {"2": {"mean_pre": 0.8161240658553542, "mean_post": NaN, "gap": NaN, "n_pre": 3670, "n_post": 0}, "4": {"mean_pre": 0.9594907928757682, "mean_post": 0.8771908646908647, "gap": -0.0822999281849035, "n_
2026-02-22 07:22:38.751 | INFO     | __main__:main:1486 - Running method variations...
2026-02-22 07:22:38.765 | INFO     | __main__:main:1488 - Variations - eigenvalue sources: {"adjacency": {"spearman_rho": 0.14247495221818707, "p_value": 0.030046883527931816, "n_graphs": 232, "method": "K_half_threshold"}, "random_walk_symmetric": {"spearman_rho": 0.15882515260307195, "p_value": 0.012806225385912487, "n_graphs": 245, "method": "K_half_threshold"}}
2026-02-22 07:22:38.765 | INFO     | __main__:main:1490 - Variations - walk features: {"P_diagonal": {"spearman_rho": -0.1134178994768959, "p_value": 0.0840748920058738, "n_graphs": 233, "method": "K_half_threshold"}, "A_diagonal_normalized": {"spearman_rho": -0.0015300526019550332, "p_value": 0.9811482820458597, "n_graphs": 241, "method": "K_half_threshold"}, "heat_kernel": {"spearman_rho": NaN, "p_value": NaN, "n_graphs": 1, "method": "K_half_threshold"}}
2026-02-22 07:22:38.767 | INFO     | __main__:main:1556 -   ZINC-subset: n_full=500, K_half rho=0.0
2026-02-22 07:22:38.767 | INFO     | __main__:main:1556 -   Peptides-func: n_full=200, K_half rho=nan
2026-02-22 07:22:38.768 | INFO     | __main__:main:1556 -   Peptides-struct: n_full=200, K_half rho=nan
2026-02-22 07:22:38.768 | INFO     | __main__:main:1556 -   Synthetic-aliased-pairs: n_full=100, K_half rho=0.5333904566301705
2026-02-22 07:22:38.769 | INFO     | __main__:main:1556 -   Custom-synthetic: n_full=50, K_half rho=0.10425073003644547
2026-02-22 07:22:38.769 | INFO     | __main__:main:1586 - Synthetic analysis - K_half rho: 0.10425073003644547
2026-02-22 07:22:38.769 | INFO     | __main__:main:1589 - Formatting output...
2026-02-22 07:22:39.163 | INFO     | __main__:main:1598 - Saved /opt/ai-inventor/aii_pipeline/runs/run__20260222_005317/3_invention_loop/iter_4/gen_art/exp_id1_it4__opus/method_out.json (16.6 MB)
2026-02-22 07:22:39.163 | INFO     | __main__:main:1601 - Total runtime: 136.2s
2026-02-22 07:25:46.907 | INFO     | __main__:<module>:55 - Hardware: 20 CPUs, 125.4GB RAM avail, workers=13, CPU usage=6%
2026-02-22 07:25:46.907 | INFO     | __main__:main:1458 - Loading data (max_per_dataset=all)
2026-02-22 07:25:46.907 | INFO     | __main__:load_all_data:94 - Loading full_data_out_1.json (94.3 MB)
2026-02-22 07:25:47.045 | INFO     | __main__:load_all_data:106 -   ZINC-subset: +9594 examples (total 9594)
2026-02-22 07:25:47.045 | INFO     | __main__:load_all_data:94 - Loading full_data_out_2.json (23.7 MB)
2026-02-22 07:25:47.078 | INFO     | __main__:load_all_data:106 -   ZINC-subset: +2406 examples (total 12000)
2026-02-22 07:25:47.079 | INFO     | __main__:load_all_data:94 - Loading full_data_out_3.json (97.2 MB)
2026-02-22 07:25:47.215 | INFO     | __main__:load_all_data:106 -   Peptides-func: +2000 examples (total 2000)
2026-02-22 07:25:47.215 | INFO     | __main__:load_all_data:94 - Loading full_data_out_4.json (97.4 MB)
2026-02-22 07:25:47.342 | INFO     | __main__:load_all_data:106 -   Peptides-struct: +2000 examples (total 2000)
2026-02-22 07:25:47.342 | INFO     | __main__:load_all_data:94 - Loading full_data_out_5.json (0.4 MB)
2026-02-22 07:25:47.343 | INFO     | __main__:load_all_data:106 -   Synthetic-aliased-pairs: +100 examples (total 100)
2026-02-22 07:25:47.343 | INFO     | __main__:main:1462 - Total examples loaded: 16100
2026-02-22 07:25:47.343 | INFO     | __main__:main:1464 -   ZINC-subset: 12000 examples
2026-02-22 07:25:47.343 | INFO     | __main__:main:1464 -   Peptides-func: 2000 examples
2026-02-22 07:25:47.343 | INFO     | __main__:main:1464 -   Peptides-struct: 2000 examples
2026-02-22 07:25:47.343 | INFO     | __main__:main:1464 -   Synthetic-aliased-pairs: 100 examples
2026-02-22 07:25:47.343 | INFO     | __main__:main:1467 - Generating custom synthetic graphs...
2026-02-22 07:25:47.488 | INFO     | __main__:generate_synthetic_graphs:356 - Generated 545 candidate synthetic graphs
2026-02-22 07:25:47.489 | INFO     | __main__:generate_synthetic_graphs:362 -   Candidate delta_min_S range: [0.000000, 0.5000]
2026-02-22 07:25:47.494 | INFO     | __main__:generate_synthetic_graphs:393 - Selected 50/50 synthetic graphs
2026-02-22 07:25:47.494 | INFO     | __main__:generate_synthetic_graphs:396 -   delta_min_S range: [0.010047, 0.5000]
2026-02-22 07:25:47.494 | INFO     | __main__:generate_synthetic_graphs:399 -   K_star_S range: [3, 100]
2026-02-22 07:25:47.494 | INFO     | __main__:main:1481 - Processing ZINC-subset (12000 examples)...
2026-02-22 07:25:53.342 | INFO     | __main__:main:1500 -   ZINC-subset: 1000/12000 (6s elapsed)
2026-02-22 07:25:53.585 | INFO     | __main__:main:1500 -   ZINC-subset: 2000/12000 (7s elapsed)
2026-02-22 07:25:53.847 | INFO     | __main__:main:1500 -   ZINC-subset: 3000/12000 (7s elapsed)
2026-02-22 07:25:54.166 | INFO     | __main__:main:1500 -   ZINC-subset: 4000/12000 (7s elapsed)
2026-02-22 07:25:54.414 | INFO     | __main__:main:1500 -   ZINC-subset: 5000/12000 (8s elapsed)
2026-02-22 07:25:54.679 | INFO     | __main__:main:1500 -   ZINC-subset: 6000/12000 (8s elapsed)
2026-02-22 07:25:54.925 | INFO     | __main__:main:1500 -   ZINC-subset: 7000/12000 (8s elapsed)
2026-02-22 07:25:55.171 | INFO     | __main__:main:1500 -   ZINC-subset: 8000/12000 (8s elapsed)
2026-02-22 07:25:55.417 | INFO     | __main__:main:1500 -   ZINC-subset: 9000/12000 (9s elapsed)
2026-02-22 07:25:55.693 | INFO     | __main__:main:1500 -   ZINC-subset: 10000/12000 (9s elapsed)
2026-02-22 07:25:55.940 | INFO     | __main__:main:1500 -   ZINC-subset: 11000/12000 (9s elapsed)
2026-02-22 07:25:56.183 | INFO     | __main__:main:1500 -   ZINC-subset: 12000/12000 (9s elapsed)
2026-02-22 07:25:56.184 | INFO     | __main__:main:1504 -   ZINC-subset: completed 12000 graphs, 12000 valid
2026-02-22 07:25:56.184 | INFO     | __main__:main:1481 - Processing Peptides-func (2000 examples)...
2026-02-22 07:26:49.582 | INFO     | __main__:main:1500 -   Peptides-func: 1000/2000 (63s elapsed)
2026-02-22 07:26:50.723 | INFO     | __main__:main:1500 -   Peptides-func: 2000/2000 (64s elapsed)
2026-02-22 07:26:50.723 | INFO     | __main__:main:1504 -   Peptides-func: completed 2000 graphs, 2000 valid
2026-02-22 07:26:50.723 | INFO     | __main__:main:1481 - Processing Peptides-struct (2000 examples)...
2026-02-22 07:27:47.697 | INFO     | __main__:main:1500 -   Peptides-struct: 1000/2000 (121s elapsed)
2026-02-22 07:27:48.940 | INFO     | __main__:main:1500 -   Peptides-struct: 2000/2000 (122s elapsed)
2026-02-22 07:27:48.940 | INFO     | __main__:main:1504 -   Peptides-struct: completed 2000 graphs, 2000 valid
2026-02-22 07:27:48.941 | INFO     | __main__:main:1481 - Processing Synthetic-aliased-pairs (100 examples)...
2026-02-22 07:27:49.441 | INFO     | __main__:main:1504 -   Synthetic-aliased-pairs: completed 100 graphs, 100 valid
2026-02-22 07:27:49.441 | INFO     | __main__:main:1508 - Processing 50 synthetic graphs...
2026-02-22 07:27:49.671 | INFO     | __main__:main:1519 - Synthetic: 50 valid
2026-02-22 07:27:49.671 | INFO     | __main__:main:1529 - Full spectral results: 1050 graphs
2026-02-22 07:27:49.671 | INFO     | __main__:main:1534 - Running phase transition analysis...
2026-02-22 07:28:28.432 | INFO     | __main__:main:1539 - Sigmoid Spearman rho: {'rho': -0.018984103330614486, 'p_value': 0.7741168923750633, 'n': 231}
2026-02-22 07:28:28.433 | INFO     | __main__:main:1540 - K_half Spearman rho: {'rho': 0.15882515260307195, 'p_value': 0.012806225385912487, 'n': 245}
2026-02-22 07:28:28.433 | INFO     | __main__:main:1541 - Sigmoid fits: 231/245
2026-02-22 07:28:28.433 | INFO     | __main__:main:1543 - Sharpness: mean=1.036, frac_sharp=0.000
2026-02-22 07:28:28.433 | INFO     | __main__:main:1553 - Computing SRI gaps + quintile curves on ALL 16150 graphs (stored RWSE, K=2..20)...
2026-02-22 07:28:28.496 | INFO     | __main__:main:1611 - ALL graphs - SRI gaps: {"2": {"mean_pre": 0.8161240658553542, "mean_post": NaN, "gap": NaN, "n_pre": 3670, "n_post": 0}, "4": {"mean_pre": 0.9594907928757682, "mean_post": 0.8771908646908647, "gap": -0.0822999281849035, "n_
2026-02-22 07:28:28.496 | INFO     | __main__:main:1615 - Running method variations...
2026-02-22 07:28:28.510 | INFO     | __main__:main:1617 - Variations - eigenvalue sources: {"adjacency": {"spearman_rho": 0.14247495221818707, "p_value": 0.030046883527931816, "n_graphs": 232, "method": "K_half_threshold"}, "random_walk_symmetric": {"spearman_rho": 0.15882515260307195, "p_value": 0.012806225385912487, "n_graphs": 245, "method": "K_half_threshold"}}
2026-02-22 07:28:28.510 | INFO     | __main__:main:1619 - Variations - walk features: {"P_diagonal": {"spearman_rho": -0.1134178994768959, "p_value": 0.0840748920058738, "n_graphs": 233, "method": "K_half_threshold"}, "A_diagonal_normalized": {"spearman_rho": -0.0015300526019550332, "p_value": 0.9811482820458597, "n_graphs": 241, "method": "K_half_threshold"}, "heat_kernel": {"spearman_rho": NaN, "p_value": NaN, "n_graphs": 1, "method": "K_half_threshold"}}
2026-02-22 07:28:28.512 | INFO     | __main__:main:1685 -   ZINC-subset: n_full=500, K_half rho=0.0
2026-02-22 07:28:28.513 | INFO     | __main__:main:1685 -   Peptides-func: n_full=200, K_half rho=nan
2026-02-22 07:28:28.513 | INFO     | __main__:main:1685 -   Peptides-struct: n_full=200, K_half rho=nan
2026-02-22 07:28:28.513 | INFO     | __main__:main:1685 -   Synthetic-aliased-pairs: n_full=100, K_half rho=0.5333904566301705
2026-02-22 07:28:28.514 | INFO     | __main__:main:1685 -   Custom-synthetic: n_full=50, K_half rho=0.10425073003644547
2026-02-22 07:28:28.514 | INFO     | __main__:main:1715 - Synthetic analysis - K_half rho: 0.10425073003644547
2026-02-22 07:28:28.514 | INFO     | __main__:main:1718 - Formatting output...
2026-02-22 07:28:28.903 | INFO     | __main__:main:1727 - Saved /opt/ai-inventor/aii_pipeline/runs/run__20260222_005317/3_invention_loop/iter_4/gen_art/exp_id1_it4__opus/method_out.json (16.6 MB)
2026-02-22 07:28:28.903 | INFO     | __main__:main:1730 - Total runtime: 162.0s
2026-02-22 07:30:45.883 | INFO     | __main__:<module>:55 - Hardware: 20 CPUs, 125.8GB RAM avail, workers=13, CPU usage=5%
2026-02-22 07:30:45.884 | INFO     | __main__:main:1458 - Loading data (max_per_dataset=all)
2026-02-22 07:30:45.884 | INFO     | __main__:load_all_data:94 - Loading full_data_out_1.json (94.3 MB)
2026-02-22 07:30:46.026 | INFO     | __main__:load_all_data:106 -   ZINC-subset: +9594 examples (total 9594)
2026-02-22 07:30:46.026 | INFO     | __main__:load_all_data:94 - Loading full_data_out_2.json (23.7 MB)
2026-02-22 07:30:46.061 | INFO     | __main__:load_all_data:106 -   ZINC-subset: +2406 examples (total 12000)
2026-02-22 07:30:46.061 | INFO     | __main__:load_all_data:94 - Loading full_data_out_3.json (97.2 MB)
2026-02-22 07:30:46.192 | INFO     | __main__:load_all_data:106 -   Peptides-func: +2000 examples (total 2000)
2026-02-22 07:30:46.192 | INFO     | __main__:load_all_data:94 - Loading full_data_out_4.json (97.4 MB)
2026-02-22 07:30:46.320 | INFO     | __main__:load_all_data:106 -   Peptides-struct: +2000 examples (total 2000)
2026-02-22 07:30:46.320 | INFO     | __main__:load_all_data:94 - Loading full_data_out_5.json (0.4 MB)
2026-02-22 07:30:46.321 | INFO     | __main__:load_all_data:106 -   Synthetic-aliased-pairs: +100 examples (total 100)
2026-02-22 07:30:46.321 | INFO     | __main__:main:1462 - Total examples loaded: 16100
2026-02-22 07:30:46.321 | INFO     | __main__:main:1464 -   ZINC-subset: 12000 examples
2026-02-22 07:30:46.321 | INFO     | __main__:main:1464 -   Peptides-func: 2000 examples
2026-02-22 07:30:46.321 | INFO     | __main__:main:1464 -   Peptides-struct: 2000 examples
2026-02-22 07:30:46.321 | INFO     | __main__:main:1464 -   Synthetic-aliased-pairs: 100 examples
2026-02-22 07:30:46.321 | INFO     | __main__:main:1467 - Generating custom synthetic graphs...
2026-02-22 07:30:46.478 | INFO     | __main__:generate_synthetic_graphs:356 - Generated 545 candidate synthetic graphs
2026-02-22 07:30:46.478 | INFO     | __main__:generate_synthetic_graphs:362 -   Candidate delta_min_S range: [0.000000, 0.5000]
2026-02-22 07:30:46.486 | INFO     | __main__:generate_synthetic_graphs:393 - Selected 50/50 synthetic graphs
2026-02-22 07:30:46.486 | INFO     | __main__:generate_synthetic_graphs:396 -   delta_min_S range: [0.010047, 0.5000]
2026-02-22 07:30:46.486 | INFO     | __main__:generate_synthetic_graphs:399 -   K_star_S range: [3, 100]
2026-02-22 07:30:46.486 | INFO     | __main__:main:1481 - Processing ZINC-subset (12000 examples)...
2026-02-22 07:30:52.343 | INFO     | __main__:main:1500 -   ZINC-subset: 1000/12000 (6s elapsed)
2026-02-22 07:30:52.588 | INFO     | __main__:main:1500 -   ZINC-subset: 2000/12000 (7s elapsed)
2026-02-22 07:30:52.851 | INFO     | __main__:main:1500 -   ZINC-subset: 3000/12000 (7s elapsed)
2026-02-22 07:30:53.097 | INFO     | __main__:main:1500 -   ZINC-subset: 4000/12000 (7s elapsed)
2026-02-22 07:30:53.366 | INFO     | __main__:main:1500 -   ZINC-subset: 5000/12000 (7s elapsed)
2026-02-22 07:30:53.641 | INFO     | __main__:main:1500 -   ZINC-subset: 6000/12000 (8s elapsed)
2026-02-22 07:30:53.886 | INFO     | __main__:main:1500 -   ZINC-subset: 7000/12000 (8s elapsed)
2026-02-22 07:30:54.131 | INFO     | __main__:main:1500 -   ZINC-subset: 8000/12000 (8s elapsed)
2026-02-22 07:30:54.378 | INFO     | __main__:main:1500 -   ZINC-subset: 9000/12000 (8s elapsed)
2026-02-22 07:30:54.649 | INFO     | __main__:main:1500 -   ZINC-subset: 10000/12000 (9s elapsed)
2026-02-22 07:30:54.895 | INFO     | __main__:main:1500 -   ZINC-subset: 11000/12000 (9s elapsed)
2026-02-22 07:30:55.141 | INFO     | __main__:main:1500 -   ZINC-subset: 12000/12000 (9s elapsed)
2026-02-22 07:30:55.141 | INFO     | __main__:main:1504 -   ZINC-subset: completed 12000 graphs, 12000 valid
2026-02-22 07:30:55.141 | INFO     | __main__:main:1481 - Processing Peptides-func (2000 examples)...
2026-02-22 07:31:37.085 | INFO     | __main__:main:1500 -   Peptides-func: 1000/2000 (51s elapsed)
2026-02-22 07:31:38.235 | INFO     | __main__:main:1500 -   Peptides-func: 2000/2000 (52s elapsed)
2026-02-22 07:31:38.235 | INFO     | __main__:main:1504 -   Peptides-func: completed 2000 graphs, 2000 valid
2026-02-22 07:31:38.235 | INFO     | __main__:main:1481 - Processing Peptides-struct (2000 examples)...
2026-02-22 07:32:36.829 | INFO     | __main__:main:1500 -   Peptides-struct: 1000/2000 (111s elapsed)
2026-02-22 07:32:38.023 | INFO     | __main__:main:1500 -   Peptides-struct: 2000/2000 (112s elapsed)
2026-02-22 07:32:38.023 | INFO     | __main__:main:1504 -   Peptides-struct: completed 2000 graphs, 2000 valid
2026-02-22 07:32:38.023 | INFO     | __main__:main:1481 - Processing Synthetic-aliased-pairs (100 examples)...
2026-02-22 07:32:38.571 | INFO     | __main__:main:1504 -   Synthetic-aliased-pairs: completed 100 graphs, 100 valid
2026-02-22 07:32:38.571 | INFO     | __main__:main:1508 - Processing 50 synthetic graphs...
2026-02-22 07:32:38.797 | INFO     | __main__:main:1519 - Synthetic: 50 valid
2026-02-22 07:32:38.798 | INFO     | __main__:main:1529 - Full spectral results: 1050 graphs
2026-02-22 07:32:38.798 | INFO     | __main__:main:1534 - Running phase transition analysis...
2026-02-22 07:33:16.367 | INFO     | __main__:main:1539 - Sigmoid Spearman rho: {'rho': -0.018984103330614486, 'p_value': 0.7741168923750633, 'n': 231}
2026-02-22 07:33:16.367 | INFO     | __main__:main:1540 - K_half Spearman rho: {'rho': 0.15882515260307195, 'p_value': 0.012806225385912487, 'n': 245}
2026-02-22 07:33:16.367 | INFO     | __main__:main:1541 - Sigmoid fits: 231/245
2026-02-22 07:33:16.367 | INFO     | __main__:main:1543 - Sharpness: mean=1.036, frac_sharp=0.000
2026-02-22 07:33:16.367 | INFO     | __main__:main:1553 - Computing SRI gaps + quintile curves on ALL 16150 graphs (stored RWSE, K=2..20)...
2026-02-22 07:33:16.430 | INFO     | __main__:main:1611 - ALL graphs - SRI gaps: {"2": {"mean_pre": 0.8161240658553542, "mean_post": NaN, "gap": NaN, "n_pre": 3670, "n_post": 0}, "4": {"mean_pre": 0.9594907928757682, "mean_post": 0.8771908646908647, "gap": -0.0822999281849035, "n_
2026-02-22 07:33:16.430 | INFO     | __main__:main:1615 - Running method variations...
2026-02-22 07:33:16.444 | INFO     | __main__:main:1617 - Variations - eigenvalue sources: {"adjacency": {"spearman_rho": 0.14247495221818707, "p_value": 0.030046883527931816, "n_graphs": 232, "method": "K_half_threshold"}, "random_walk_symmetric": {"spearman_rho": 0.15882515260307195, "p_value": 0.012806225385912487, "n_graphs": 245, "method": "K_half_threshold"}}
2026-02-22 07:33:16.444 | INFO     | __main__:main:1619 - Variations - walk features: {"P_diagonal": {"spearman_rho": -0.1134178994768959, "p_value": 0.0840748920058738, "n_graphs": 233, "method": "K_half_threshold"}, "A_diagonal_normalized": {"spearman_rho": -0.0015300526019550332, "p_value": 0.9811482820458597, "n_graphs": 241, "method": "K_half_threshold"}, "heat_kernel": {"spearman_rho": NaN, "p_value": NaN, "n_graphs": 1, "method": "K_half_threshold"}}
2026-02-22 07:33:16.446 | INFO     | __main__:main:1685 -   ZINC-subset: n_full=500, K_half rho=0.0
2026-02-22 07:33:16.446 | INFO     | __main__:main:1685 -   Peptides-func: n_full=200, K_half rho=nan
2026-02-22 07:33:16.446 | INFO     | __main__:main:1685 -   Peptides-struct: n_full=200, K_half rho=nan
2026-02-22 07:33:16.447 | INFO     | __main__:main:1685 -   Synthetic-aliased-pairs: n_full=100, K_half rho=0.5333904566301705
2026-02-22 07:33:16.447 | INFO     | __main__:main:1685 -   Custom-synthetic: n_full=50, K_half rho=0.10425073003644547
2026-02-22 07:33:16.448 | INFO     | __main__:main:1715 - Synthetic analysis - K_half rho: 0.10425073003644547
2026-02-22 07:33:16.448 | INFO     | __main__:main:1718 - Formatting output...
2026-02-22 07:33:16.840 | INFO     | __main__:main:1727 - Saved /opt/ai-inventor/aii_pipeline/runs/run__20260222_005317/3_invention_loop/iter_4/gen_art/exp_id1_it4__opus/method_out.json (16.6 MB)
2026-02-22 07:33:16.840 | INFO     | __main__:main:1730 - Total runtime: 151.0s
